2022-10-06T15:56:06.076Z: User "GitLab Alert Bot" (alert@git.rinlink.jp) was created
2022-10-06T15:56:11.094Z: User "GitLab Support Bot" (support@git.rinlink.jp) was created
2022-10-06T16:00:07.963Z: Ci::StuckBuilds::DropPendingService: Cleaning pending timed-out builds
2022-10-06T16:00:09.203Z: Refreshing trending projects
2022-10-06T16:20:09.968Z: Ci::StuckBuilds::DropRunningService: Cleaning running, timed-out builds
2022-10-06T16:40:08.620Z: Ci::StuckBuilds::DropScheduledService: Cleaning scheduled, timed-out builds
2022-10-06T17:00:17.537Z: Ci::StuckBuilds::DropPendingService: Cleaning pending timed-out builds
2022-10-06T17:20:23.989Z: Ci::StuckBuilds::DropRunningService: Cleaning running, timed-out builds
2022-10-06T17:29:07.487Z: ActiveRecord connection established
2022-10-06T17:30:07.471Z: ActiveRecord connection established
2022-10-06T17:31:07.430Z: ActiveRecord connection established
2022-10-06T17:32:07.430Z: ActiveRecord connection established
2022-10-06T17:40:20.658Z: Ci::StuckBuilds::DropScheduledService: Cleaning scheduled, timed-out builds
2022-10-06T18:00:11.697Z: Ci::StuckBuilds::DropPendingService: Cleaning pending timed-out builds
2022-10-06T18:20:14.648Z: Ci::StuckBuilds::DropRunningService: Cleaning running, timed-out builds
2022-10-06T18:40:11.834Z: Ci::StuckBuilds::DropScheduledService: Cleaning scheduled, timed-out builds
2022-10-06T19:00:06.513Z: Ci::StuckBuilds::DropPendingService: Cleaning pending timed-out builds
2022-10-06T19:20:06.903Z: Ci::StuckBuilds::DropRunningService: Cleaning running, timed-out builds
2022-10-06T19:40:08.023Z: Ci::StuckBuilds::DropScheduledService: Cleaning scheduled, timed-out builds
2022-10-06T20:00:20.477Z: Ci::StuckBuilds::DropPendingService: Cleaning pending timed-out builds
2022-10-06T20:20:22.747Z: Ci::StuckBuilds::DropRunningService: Cleaning running, timed-out builds
2022-10-06T20:40:25.021Z: Ci::StuckBuilds::DropScheduledService: Cleaning scheduled, timed-out builds
2022-10-06T21:00:19.927Z: Ci::StuckBuilds::DropPendingService: Cleaning pending timed-out builds
2022-10-06T21:20:24.159Z: Ci::StuckBuilds::DropRunningService: Cleaning running, timed-out builds
2022-10-06T21:21:09.578Z: {:message=>"Syncing dynamic postgres partitions"}
2022-10-06T21:21:09.579Z: {:message=>"Switched database connection", :connection_name=>"main"}
2022-10-06T21:21:09.594Z: {:message=>"Checking state of dynamic postgres partitions", :table_name=>"audit_events", :connection_name=>"main"}
2022-10-06T21:21:09.644Z: {:message=>"Switched database connection", :connection_name=>"main"}
2022-10-06T21:21:09.649Z: {:message=>"Checking state of dynamic postgres partitions", :table_name=>"web_hook_logs", :connection_name=>"main"}
2022-10-06T21:21:09.663Z: {:message=>"Switched database connection", :connection_name=>"main"}
2022-10-06T21:21:09.668Z: {:message=>"Checking state of dynamic postgres partitions", :table_name=>"loose_foreign_keys_deleted_records", :connection_name=>"main"}
2022-10-06T21:21:09.689Z: {:message=>"Switched database connection", :connection_name=>"main"}
2022-10-06T21:21:09.695Z: {:message=>"Checking state of dynamic postgres partitions", :table_name=>"batched_background_migration_job_transition_logs", :connection_name=>"main"}
2022-10-06T21:21:09.710Z: {:message=>"Switched database connection", :connection_name=>"main"}
2022-10-06T21:21:09.715Z: {:message=>"Checking state of dynamic postgres partitions", :table_name=>"incident_management_pending_alert_escalations", :connection_name=>"main"}
2022-10-06T21:21:09.728Z: {:message=>"Switched database connection", :connection_name=>"main"}
2022-10-06T21:21:09.733Z: {:message=>"Checking state of dynamic postgres partitions", :table_name=>"incident_management_pending_issue_escalations", :connection_name=>"main"}
2022-10-06T21:21:09.747Z: {:message=>"Switched database connection", :connection_name=>"main"}
2022-10-06T21:21:09.752Z: {:message=>"Checking state of dynamic postgres partitions", :table_name=>"security_findings", :connection_name=>"main"}
2022-10-06T21:21:09.770Z: {:message=>"Switched database connection", :connection_name=>"main"}
2022-10-06T21:21:09.775Z: {:message=>"Checking state of dynamic postgres partitions", :table_name=>"verification_codes", :connection_name=>"main"}
2022-10-06T21:21:09.788Z: {:message=>"Switched database connection", :connection_name=>"main"}
2022-10-06T21:21:09.788Z: {:message=>"Switched database connection", :connection_name=>"main"}
2022-10-06T21:21:09.789Z: {:message=>"Switched database connection", :connection_name=>"main"}
2022-10-06T21:21:09.789Z: {:message=>"Switched database connection", :connection_name=>"main"}
2022-10-06T21:21:09.789Z: {:message=>"Switched database connection", :connection_name=>"main"}
2022-10-06T21:21:09.789Z: {:message=>"Switched database connection", :connection_name=>"main"}
2022-10-06T21:21:09.790Z: {:message=>"Finished sync of dynamic postgres partitions"}
2022-10-06T21:21:09.790Z: {:message=>"Switched database connection", :connection_name=>"main"}
2022-10-06T21:21:09.797Z: {:message=>"Switched database connection", :connection_name=>"main"}
2022-10-06T21:21:09.804Z: {:message=>"Switched database connection", :connection_name=>"main"}
2022-10-06T21:21:09.809Z: {:message=>"Switched database connection", :connection_name=>"main"}
2022-10-06T21:21:09.818Z: {:message=>"Switched database connection", :connection_name=>"main"}
2022-10-06T21:21:09.826Z: {:message=>"Switched database connection", :connection_name=>"main"}
2022-10-06T21:21:09.833Z: {:message=>"Switched database connection", :connection_name=>"main"}
2022-10-06T21:40:19.916Z: Ci::StuckBuilds::DropScheduledService: Cleaning scheduled, timed-out builds
2022-10-06T22:00:10.444Z: Ci::StuckBuilds::DropPendingService: Cleaning pending timed-out builds
2022-10-06T22:20:12.456Z: Ci::StuckBuilds::DropRunningService: Cleaning running, timed-out builds
2022-10-06T22:40:13.056Z: Ci::StuckBuilds::DropScheduledService: Cleaning scheduled, timed-out builds
2022-10-06T23:00:08.689Z: Ci::StuckBuilds::DropPendingService: Cleaning pending timed-out builds
2022-10-06T23:20:10.864Z: Ci::StuckBuilds::DropRunningService: Cleaning running, timed-out builds
2022-10-06T23:40:12.516Z: Ci::StuckBuilds::DropScheduledService: Cleaning scheduled, timed-out builds
2022-10-07T00:00:02.666Z: Ci::StuckBuilds::DropPendingService: Cleaning pending timed-out builds
2022-10-07T00:20:04.372Z: Ci::StuckBuilds::DropRunningService: Cleaning running, timed-out builds
2022-10-07T00:40:02.865Z: Ci::StuckBuilds::DropScheduledService: Cleaning scheduled, timed-out builds
2022-10-07T01:00:38.675Z: Ci::StuckBuilds::DropPendingService: Cleaning pending timed-out builds
2022-10-07T01:20:41.121Z: Ci::StuckBuilds::DropRunningService: Cleaning running, timed-out builds
2022-10-07T01:40:40.421Z: Ci::StuckBuilds::DropScheduledService: Cleaning scheduled, timed-out builds
2022-10-07T02:00:25.604Z: Ci::StuckBuilds::DropPendingService: Cleaning pending timed-out builds
2022-10-07T02:20:26.976Z: Ci::StuckBuilds::DropRunningService: Cleaning running, timed-out builds
2022-10-07T02:40:28.293Z: Ci::StuckBuilds::DropScheduledService: Cleaning scheduled, timed-out builds
2022-10-07T03:00:32.001Z: Ci::StuckBuilds::DropPendingService: Cleaning pending timed-out builds
2022-10-07T03:20:35.352Z: Ci::StuckBuilds::DropRunningService: Cleaning running, timed-out builds
2022-10-07T03:21:16.267Z: {:message=>"Syncing dynamic postgres partitions"}
2022-10-07T03:21:16.300Z: {:message=>"Switched database connection", :connection_name=>"main"}
2022-10-07T03:21:16.309Z: {:message=>"Checking state of dynamic postgres partitions", :table_name=>"audit_events", :connection_name=>"main"}
2022-10-07T03:21:16.329Z: {:message=>"Switched database connection", :connection_name=>"main"}
2022-10-07T03:21:16.334Z: {:message=>"Checking state of dynamic postgres partitions", :table_name=>"web_hook_logs", :connection_name=>"main"}
2022-10-07T03:21:16.349Z: {:message=>"Switched database connection", :connection_name=>"main"}
2022-10-07T03:21:16.354Z: {:message=>"Checking state of dynamic postgres partitions", :table_name=>"loose_foreign_keys_deleted_records", :connection_name=>"main"}
2022-10-07T03:21:16.375Z: {:message=>"Switched database connection", :connection_name=>"main"}
2022-10-07T03:21:16.381Z: {:message=>"Checking state of dynamic postgres partitions", :table_name=>"batched_background_migration_job_transition_logs", :connection_name=>"main"}
2022-10-07T03:21:16.396Z: {:message=>"Switched database connection", :connection_name=>"main"}
2022-10-07T03:21:16.402Z: {:message=>"Checking state of dynamic postgres partitions", :table_name=>"incident_management_pending_alert_escalations", :connection_name=>"main"}
2022-10-07T03:21:16.416Z: {:message=>"Switched database connection", :connection_name=>"main"}
2022-10-07T03:21:16.421Z: {:message=>"Checking state of dynamic postgres partitions", :table_name=>"incident_management_pending_issue_escalations", :connection_name=>"main"}
2022-10-07T03:21:16.434Z: {:message=>"Switched database connection", :connection_name=>"main"}
2022-10-07T03:21:16.440Z: {:message=>"Checking state of dynamic postgres partitions", :table_name=>"security_findings", :connection_name=>"main"}
2022-10-07T03:21:16.458Z: {:message=>"Switched database connection", :connection_name=>"main"}
2022-10-07T03:21:16.463Z: {:message=>"Checking state of dynamic postgres partitions", :table_name=>"verification_codes", :connection_name=>"main"}
2022-10-07T03:21:16.476Z: {:message=>"Switched database connection", :connection_name=>"main"}
2022-10-07T03:21:16.477Z: {:message=>"Switched database connection", :connection_name=>"main"}
2022-10-07T03:21:16.477Z: {:message=>"Switched database connection", :connection_name=>"main"}
2022-10-07T03:21:16.477Z: {:message=>"Switched database connection", :connection_name=>"main"}
2022-10-07T03:21:16.478Z: {:message=>"Switched database connection", :connection_name=>"main"}
2022-10-07T03:21:16.478Z: {:message=>"Switched database connection", :connection_name=>"main"}
2022-10-07T03:21:16.478Z: {:message=>"Finished sync of dynamic postgres partitions"}
2022-10-07T03:21:16.478Z: {:message=>"Switched database connection", :connection_name=>"main"}
2022-10-07T03:21:16.486Z: {:message=>"Switched database connection", :connection_name=>"main"}
2022-10-07T03:21:16.493Z: {:message=>"Switched database connection", :connection_name=>"main"}
2022-10-07T03:21:16.499Z: {:message=>"Switched database connection", :connection_name=>"main"}
2022-10-07T03:21:16.508Z: {:message=>"Switched database connection", :connection_name=>"main"}
2022-10-07T03:21:16.515Z: {:message=>"Switched database connection", :connection_name=>"main"}
2022-10-07T03:21:16.523Z: {:message=>"Switched database connection", :connection_name=>"main"}
2022-10-07T03:40:36.245Z: Ci::StuckBuilds::DropScheduledService: Cleaning scheduled, timed-out builds
2022-10-07T03:45:07.228Z: {:message=>"Dropping detached postgres partitions"}
2022-10-07T03:45:07.258Z: {:message=>"Switched database connection", :connection_name=>"main"}
2022-10-07T03:45:07.270Z: {:message=>"Checking for previously detached partitions to drop"}
2022-10-07T03:45:07.326Z: {:message=>"Finished dropping detached postgres partitions"}
2022-10-07T03:45:07.328Z: {:message=>"Switched database connection", :connection_name=>"main"}
2022-10-07T03:45:07.344Z: {:message=>"Switched database connection", :connection_name=>"main"}
2022-10-07T03:45:07.358Z: {:message=>"Switched database connection", :connection_name=>"main"}
2022-10-07T03:45:07.373Z: {:message=>"Switched database connection", :connection_name=>"main"}
2022-10-07T03:45:07.387Z: {:message=>"Switched database connection", :connection_name=>"main"}
2022-10-07T03:45:07.400Z: {:message=>"Switched database connection", :connection_name=>"main"}
2022-10-07T03:45:07.412Z: {:message=>"Switched database connection", :connection_name=>"main"}
2022-10-07T04:00:42.243Z: Ci::StuckBuilds::DropPendingService: Cleaning pending timed-out builds
2022-10-07T04:20:45.151Z: Ci::StuckBuilds::DropRunningService: Cleaning running, timed-out builds
2022-10-07T04:35:44.109Z: Adding key (key-1): ssh-rsa AAAAB3NzaC1yc2EAAAADAQABAAABgQD7Sgk7BJFDGpW/MmOh3x/wO2uMjqyMvQsVFwKbuNEtRI5FHLh0yTmSyEuKz6Eyc+YNRpnRxv++wHMw34cxETA6cYrV2TjuQnV663rc9kfTedjdHClqskx40QHWCNkSq1yBwMc8Wet4FReLUjWue3G7qr6jTCtUzxON9VBlOHqGpUL8UI6WTEOJ9suytIl1o7uSQzQoscqJRXP/LdPdOHkMBP7gvMLbx2NZzTP9Qh8aw426DjsG0fzwxYFSpP04nnabzHXXE4e3bX+Dz/cz3T1rWD04f0zhPToxaeSBqc2A+1q8REOW95rYlsfBMn2MNnr3COR6g0huDr4gLyEoyMx3MPk2lUqLKnDrmCKQhTweGAq+vIZa4Xd3O+3jCRiBi4iOjUBMmVZOGTUGNCcBpL1KzA4ac34w39uIkxs+UgZcDq+BLfYHrij8bPZ0dqznuPn9c3tHddYHqRliQ55P3da5DlWuk8Y1qW2OOxyZx3lwUDSDof5azLFMItw+bc0uIrs=
2022-10-07T04:40:47.391Z: Ci::StuckBuilds::DropScheduledService: Cleaning scheduled, timed-out builds
2022-10-07T05:00:24.497Z: Ci::StuckBuilds::DropPendingService: Cleaning pending timed-out builds
2022-10-07T05:20:29.410Z: Ci::StuckBuilds::DropRunningService: Cleaning running, timed-out builds
2022-10-07T05:40:28.490Z: Ci::StuckBuilds::DropScheduledService: Cleaning scheduled, timed-out builds
2022-10-07T05:43:23.888Z: Administrator created a new project "GitLab Instance / test"
2022-10-07T05:43:24.562Z: Updating statistics for project 2
2022-10-07T05:43:24.827Z: Updating statistics for project 2
2022-10-07T05:49:23.814Z: User Logout: username=root ip=118.21.158.208
2022-10-07T05:49:26.406Z: Failed Login: username=lin ip=118.21.158.208
2022-10-07T05:49:31.761Z: Account Locked: username=lin
2022-10-07T05:49:32.123Z: Failed Login: username=lin ip=118.21.158.208
2022-10-07T05:49:34.991Z: Failed Login: username=rin.weitong ip=118.21.158.208
2022-10-07T05:56:20.042Z: {:message=>"Syncing dynamic postgres partitions"}
2022-10-07T05:56:20.044Z: {:message=>"Switched database connection", :connection_name=>"main"}
2022-10-07T05:56:20.091Z: {:message=>"Checking state of dynamic postgres partitions", :table_name=>"audit_events", :connection_name=>"main"}
2022-10-07T05:56:20.135Z: {:message=>"Switched database connection", :connection_name=>"main"}
2022-10-07T05:56:20.140Z: {:message=>"Checking state of dynamic postgres partitions", :table_name=>"web_hook_logs", :connection_name=>"main"}
2022-10-07T05:56:20.172Z: {:message=>"Switched database connection", :connection_name=>"main"}
2022-10-07T05:56:20.177Z: {:message=>"Checking state of dynamic postgres partitions", :table_name=>"loose_foreign_keys_deleted_records", :connection_name=>"main"}
2022-10-07T05:56:20.237Z: {:message=>"Switched database connection", :connection_name=>"main"}
2022-10-07T05:56:20.242Z: {:message=>"Checking state of dynamic postgres partitions", :table_name=>"batched_background_migration_job_transition_logs", :connection_name=>"main"}
2022-10-07T05:56:20.279Z: {:message=>"Switched database connection", :connection_name=>"main"}
2022-10-07T05:56:20.284Z: {:message=>"Checking state of dynamic postgres partitions", :table_name=>"incident_management_pending_alert_escalations", :connection_name=>"main"}
2022-10-07T05:56:20.316Z: {:message=>"Switched database connection", :connection_name=>"main"}
2022-10-07T05:56:20.322Z: {:message=>"Checking state of dynamic postgres partitions", :table_name=>"incident_management_pending_issue_escalations", :connection_name=>"main"}
2022-10-07T05:56:20.356Z: {:message=>"Switched database connection", :connection_name=>"main"}
2022-10-07T05:56:20.361Z: {:message=>"Checking state of dynamic postgres partitions", :table_name=>"security_findings", :connection_name=>"main"}
2022-10-07T05:56:20.404Z: {:message=>"Switched database connection", :connection_name=>"main"}
2022-10-07T05:56:20.410Z: {:message=>"Checking state of dynamic postgres partitions", :table_name=>"verification_codes", :connection_name=>"main"}
2022-10-07T05:56:20.442Z: {:message=>"Switched database connection", :connection_name=>"main"}
2022-10-07T05:56:20.443Z: {:message=>"Switched database connection", :connection_name=>"main"}
2022-10-07T05:56:20.443Z: {:message=>"Switched database connection", :connection_name=>"main"}
2022-10-07T05:56:20.444Z: {:message=>"Switched database connection", :connection_name=>"main"}
2022-10-07T05:56:20.445Z: {:message=>"Switched database connection", :connection_name=>"main"}
2022-10-07T05:56:20.446Z: {:message=>"Switched database connection", :connection_name=>"main"}
2022-10-07T05:56:20.446Z: {:message=>"Finished sync of dynamic postgres partitions"}
2022-10-07T05:56:27.530Z: {:message=>"Syncing dynamic postgres partitions"}
2022-10-07T05:56:27.531Z: {:message=>"Switched database connection", :connection_name=>"main"}
2022-10-07T05:56:27.580Z: {:message=>"Checking state of dynamic postgres partitions", :table_name=>"audit_events", :connection_name=>"main"}
2022-10-07T05:56:27.624Z: {:message=>"Switched database connection", :connection_name=>"main"}
2022-10-07T05:56:27.630Z: {:message=>"Checking state of dynamic postgres partitions", :table_name=>"web_hook_logs", :connection_name=>"main"}
2022-10-07T05:56:27.661Z: {:message=>"Switched database connection", :connection_name=>"main"}
2022-10-07T05:56:27.666Z: {:message=>"Checking state of dynamic postgres partitions", :table_name=>"loose_foreign_keys_deleted_records", :connection_name=>"main"}
2022-10-07T05:56:27.726Z: {:message=>"Switched database connection", :connection_name=>"main"}
2022-10-07T05:56:27.731Z: {:message=>"Checking state of dynamic postgres partitions", :table_name=>"batched_background_migration_job_transition_logs", :connection_name=>"main"}
2022-10-07T05:56:27.766Z: {:message=>"Switched database connection", :connection_name=>"main"}
2022-10-07T05:56:27.771Z: {:message=>"Checking state of dynamic postgres partitions", :table_name=>"incident_management_pending_alert_escalations", :connection_name=>"main"}
2022-10-07T05:56:27.803Z: {:message=>"Switched database connection", :connection_name=>"main"}
2022-10-07T05:56:27.809Z: {:message=>"Checking state of dynamic postgres partitions", :table_name=>"incident_management_pending_issue_escalations", :connection_name=>"main"}
2022-10-07T05:56:27.842Z: {:message=>"Switched database connection", :connection_name=>"main"}
2022-10-07T05:56:27.847Z: {:message=>"Checking state of dynamic postgres partitions", :table_name=>"security_findings", :connection_name=>"main"}
2022-10-07T05:56:27.890Z: {:message=>"Switched database connection", :connection_name=>"main"}
2022-10-07T05:56:27.896Z: {:message=>"Checking state of dynamic postgres partitions", :table_name=>"verification_codes", :connection_name=>"main"}
2022-10-07T05:56:27.929Z: {:message=>"Switched database connection", :connection_name=>"main"}
2022-10-07T05:56:27.929Z: {:message=>"Switched database connection", :connection_name=>"main"}
2022-10-07T05:56:27.930Z: {:message=>"Switched database connection", :connection_name=>"main"}
2022-10-07T05:56:27.930Z: {:message=>"Switched database connection", :connection_name=>"main"}
2022-10-07T05:56:27.931Z: {:message=>"Switched database connection", :connection_name=>"main"}
2022-10-07T05:56:27.939Z: {:message=>"Switched database connection", :connection_name=>"main"}
2022-10-07T05:56:27.940Z: {:message=>"Finished sync of dynamic postgres partitions"}
2022-10-07T05:57:01.350Z: ActiveRecord connections disconnected
2022-10-07T05:57:02.250Z: ActiveRecord connection established
2022-10-07T05:57:02.461Z: ActiveRecord connection established
2022-10-07T05:57:02.511Z: ActiveRecord connection established
2022-10-07T05:57:02.568Z: ActiveRecord connection established
2022-10-07T05:57:02.755Z: ActiveRecord connection established
2022-10-07T05:57:05.068Z: {:message=>"Syncing dynamic postgres partitions"}
2022-10-07T05:57:05.069Z: {:message=>"Switched database connection", :connection_name=>"main"}
2022-10-07T05:57:05.100Z: {:message=>"Checking state of dynamic postgres partitions", :table_name=>"audit_events", :connection_name=>"main"}
2022-10-07T05:57:05.140Z: {:message=>"Switched database connection", :connection_name=>"main"}
2022-10-07T05:57:05.145Z: {:message=>"Checking state of dynamic postgres partitions", :table_name=>"web_hook_logs", :connection_name=>"main"}
2022-10-07T05:57:05.174Z: {:message=>"Switched database connection", :connection_name=>"main"}
2022-10-07T05:57:05.179Z: {:message=>"Checking state of dynamic postgres partitions", :table_name=>"loose_foreign_keys_deleted_records", :connection_name=>"main"}
2022-10-07T05:57:05.235Z: {:message=>"Switched database connection", :connection_name=>"main"}
2022-10-07T05:57:05.241Z: {:message=>"Checking state of dynamic postgres partitions", :table_name=>"batched_background_migration_job_transition_logs", :connection_name=>"main"}
2022-10-07T05:57:05.272Z: {:message=>"Switched database connection", :connection_name=>"main"}
2022-10-07T05:57:05.277Z: {:message=>"Checking state of dynamic postgres partitions", :table_name=>"incident_management_pending_alert_escalations", :connection_name=>"main"}
2022-10-07T05:57:05.306Z: {:message=>"Switched database connection", :connection_name=>"main"}
2022-10-07T05:57:05.311Z: {:message=>"Checking state of dynamic postgres partitions", :table_name=>"incident_management_pending_issue_escalations", :connection_name=>"main"}
2022-10-07T05:57:05.339Z: {:message=>"Switched database connection", :connection_name=>"main"}
2022-10-07T05:57:05.344Z: {:message=>"Checking state of dynamic postgres partitions", :table_name=>"security_findings", :connection_name=>"main"}
2022-10-07T05:57:05.385Z: {:message=>"Switched database connection", :connection_name=>"main"}
2022-10-07T05:57:05.390Z: {:message=>"Checking state of dynamic postgres partitions", :table_name=>"verification_codes", :connection_name=>"main"}
2022-10-07T05:57:05.417Z: {:message=>"Switched database connection", :connection_name=>"main"}
2022-10-07T05:57:05.418Z: {:message=>"Switched database connection", :connection_name=>"main"}
2022-10-07T05:57:05.418Z: {:message=>"Switched database connection", :connection_name=>"main"}
2022-10-07T05:57:05.419Z: {:message=>"Switched database connection", :connection_name=>"main"}
2022-10-07T05:57:05.419Z: {:message=>"Switched database connection", :connection_name=>"main"}
2022-10-07T05:57:05.420Z: {:message=>"Switched database connection", :connection_name=>"main"}
2022-10-07T05:57:05.420Z: {:message=>"Finished sync of dynamic postgres partitions"}
2022-10-07T05:57:35.959Z: ActiveRecord connection established
2022-10-07T05:57:38.249Z: {:message=>"Syncing dynamic postgres partitions"}
2022-10-07T05:57:38.250Z: {:message=>"Switched database connection", :connection_name=>"main"}
2022-10-07T05:57:38.281Z: {:message=>"Checking state of dynamic postgres partitions", :table_name=>"audit_events", :connection_name=>"main"}
2022-10-07T05:57:38.321Z: {:message=>"Switched database connection", :connection_name=>"main"}
2022-10-07T05:57:38.326Z: {:message=>"Checking state of dynamic postgres partitions", :table_name=>"web_hook_logs", :connection_name=>"main"}
2022-10-07T05:57:38.355Z: {:message=>"Switched database connection", :connection_name=>"main"}
2022-10-07T05:57:38.360Z: {:message=>"Checking state of dynamic postgres partitions", :table_name=>"loose_foreign_keys_deleted_records", :connection_name=>"main"}
2022-10-07T05:57:38.416Z: {:message=>"Switched database connection", :connection_name=>"main"}
2022-10-07T05:57:38.421Z: {:message=>"Checking state of dynamic postgres partitions", :table_name=>"batched_background_migration_job_transition_logs", :connection_name=>"main"}
2022-10-07T05:57:38.452Z: {:message=>"Switched database connection", :connection_name=>"main"}
2022-10-07T05:57:38.457Z: {:message=>"Checking state of dynamic postgres partitions", :table_name=>"incident_management_pending_alert_escalations", :connection_name=>"main"}
2022-10-07T05:57:38.486Z: {:message=>"Switched database connection", :connection_name=>"main"}
2022-10-07T05:57:38.491Z: {:message=>"Checking state of dynamic postgres partitions", :table_name=>"incident_management_pending_issue_escalations", :connection_name=>"main"}
2022-10-07T05:57:38.519Z: {:message=>"Switched database connection", :connection_name=>"main"}
2022-10-07T05:57:38.524Z: {:message=>"Checking state of dynamic postgres partitions", :table_name=>"security_findings", :connection_name=>"main"}
2022-10-07T05:57:38.564Z: {:message=>"Switched database connection", :connection_name=>"main"}
2022-10-07T05:57:38.569Z: {:message=>"Checking state of dynamic postgres partitions", :table_name=>"verification_codes", :connection_name=>"main"}
2022-10-07T05:57:38.597Z: {:message=>"Switched database connection", :connection_name=>"main"}
2022-10-07T05:57:38.597Z: {:message=>"Switched database connection", :connection_name=>"main"}
2022-10-07T05:57:38.598Z: {:message=>"Switched database connection", :connection_name=>"main"}
2022-10-07T05:57:38.598Z: {:message=>"Switched database connection", :connection_name=>"main"}
2022-10-07T05:57:38.599Z: {:message=>"Switched database connection", :connection_name=>"main"}
2022-10-07T05:57:38.599Z: {:message=>"Switched database connection", :connection_name=>"main"}
2022-10-07T05:57:38.599Z: {:message=>"Finished sync of dynamic postgres partitions"}
2022-10-07T05:58:26.213Z: Updating statistics for project 2
2022-10-07T05:58:26.216Z: Updating statistics for project 2
2022-10-07T05:58:26.529Z: Cannot obtain an exclusive lease for namespace:namespaces_root_statistics:2. There must be another instance already in execution.
2022-10-07T05:58:51.892Z: Failed Login: username=lin ip=118.21.158.208
2022-10-07T05:58:56.285Z: (ldapmain) Callback phase initiated.
2022-10-07T05:58:56.298Z: (ldapmain) Authentication failure! invalid_credentials: OmniAuth::Strategies::LDAP::InvalidCredentialsError, Invalid credentials for lin
2022-10-07T06:00:22.756Z: Ci::StuckBuilds::DropPendingService: Cleaning pending timed-out builds
2022-10-07T06:07:11.274Z: {:message=>"Syncing dynamic postgres partitions"}
2022-10-07T06:07:11.275Z: {:message=>"Switched database connection", :connection_name=>"main"}
2022-10-07T06:07:11.322Z: {:message=>"Checking state of dynamic postgres partitions", :table_name=>"audit_events", :connection_name=>"main"}
2022-10-07T06:07:11.366Z: {:message=>"Switched database connection", :connection_name=>"main"}
2022-10-07T06:07:11.372Z: {:message=>"Checking state of dynamic postgres partitions", :table_name=>"web_hook_logs", :connection_name=>"main"}
2022-10-07T06:07:11.405Z: {:message=>"Switched database connection", :connection_name=>"main"}
2022-10-07T06:07:11.410Z: {:message=>"Checking state of dynamic postgres partitions", :table_name=>"loose_foreign_keys_deleted_records", :connection_name=>"main"}
2022-10-07T06:07:11.471Z: {:message=>"Switched database connection", :connection_name=>"main"}
2022-10-07T06:07:11.476Z: {:message=>"Checking state of dynamic postgres partitions", :table_name=>"batched_background_migration_job_transition_logs", :connection_name=>"main"}
2022-10-07T06:07:11.512Z: {:message=>"Switched database connection", :connection_name=>"main"}
2022-10-07T06:07:11.518Z: {:message=>"Checking state of dynamic postgres partitions", :table_name=>"incident_management_pending_alert_escalations", :connection_name=>"main"}
2022-10-07T06:07:11.551Z: {:message=>"Switched database connection", :connection_name=>"main"}
2022-10-07T06:07:11.556Z: {:message=>"Checking state of dynamic postgres partitions", :table_name=>"incident_management_pending_issue_escalations", :connection_name=>"main"}
2022-10-07T06:07:11.590Z: {:message=>"Switched database connection", :connection_name=>"main"}
2022-10-07T06:07:11.595Z: {:message=>"Checking state of dynamic postgres partitions", :table_name=>"security_findings", :connection_name=>"main"}
2022-10-07T06:07:11.639Z: {:message=>"Switched database connection", :connection_name=>"main"}
2022-10-07T06:07:11.645Z: {:message=>"Checking state of dynamic postgres partitions", :table_name=>"verification_codes", :connection_name=>"main"}
2022-10-07T06:07:11.676Z: {:message=>"Switched database connection", :connection_name=>"main"}
2022-10-07T06:07:11.677Z: {:message=>"Switched database connection", :connection_name=>"main"}
2022-10-07T06:07:11.677Z: {:message=>"Switched database connection", :connection_name=>"main"}
2022-10-07T06:07:11.678Z: {:message=>"Switched database connection", :connection_name=>"main"}
2022-10-07T06:07:11.679Z: {:message=>"Switched database connection", :connection_name=>"main"}
2022-10-07T06:07:11.679Z: {:message=>"Switched database connection", :connection_name=>"main"}
2022-10-07T06:07:11.680Z: {:message=>"Finished sync of dynamic postgres partitions"}
2022-10-07T06:07:19.077Z: {:message=>"Syncing dynamic postgres partitions"}
2022-10-07T06:07:19.079Z: {:message=>"Switched database connection", :connection_name=>"main"}
2022-10-07T06:07:19.127Z: {:message=>"Checking state of dynamic postgres partitions", :table_name=>"audit_events", :connection_name=>"main"}
2022-10-07T06:07:19.171Z: {:message=>"Switched database connection", :connection_name=>"main"}
2022-10-07T06:07:19.177Z: {:message=>"Checking state of dynamic postgres partitions", :table_name=>"web_hook_logs", :connection_name=>"main"}
2022-10-07T06:07:19.207Z: {:message=>"Switched database connection", :connection_name=>"main"}
2022-10-07T06:07:19.213Z: {:message=>"Checking state of dynamic postgres partitions", :table_name=>"loose_foreign_keys_deleted_records", :connection_name=>"main"}
2022-10-07T06:07:19.272Z: {:message=>"Switched database connection", :connection_name=>"main"}
2022-10-07T06:07:19.277Z: {:message=>"Checking state of dynamic postgres partitions", :table_name=>"batched_background_migration_job_transition_logs", :connection_name=>"main"}
2022-10-07T06:07:19.311Z: {:message=>"Switched database connection", :connection_name=>"main"}
2022-10-07T06:07:19.316Z: {:message=>"Checking state of dynamic postgres partitions", :table_name=>"incident_management_pending_alert_escalations", :connection_name=>"main"}
2022-10-07T06:07:19.348Z: {:message=>"Switched database connection", :connection_name=>"main"}
2022-10-07T06:07:19.353Z: {:message=>"Checking state of dynamic postgres partitions", :table_name=>"incident_management_pending_issue_escalations", :connection_name=>"main"}
2022-10-07T06:07:19.385Z: {:message=>"Switched database connection", :connection_name=>"main"}
2022-10-07T06:07:19.390Z: {:message=>"Checking state of dynamic postgres partitions", :table_name=>"security_findings", :connection_name=>"main"}
2022-10-07T06:07:19.433Z: {:message=>"Switched database connection", :connection_name=>"main"}
2022-10-07T06:07:19.439Z: {:message=>"Checking state of dynamic postgres partitions", :table_name=>"verification_codes", :connection_name=>"main"}
2022-10-07T06:07:19.471Z: {:message=>"Switched database connection", :connection_name=>"main"}
2022-10-07T06:07:19.472Z: {:message=>"Switched database connection", :connection_name=>"main"}
2022-10-07T06:07:19.472Z: {:message=>"Switched database connection", :connection_name=>"main"}
2022-10-07T06:07:19.473Z: {:message=>"Switched database connection", :connection_name=>"main"}
2022-10-07T06:07:19.474Z: {:message=>"Switched database connection", :connection_name=>"main"}
2022-10-07T06:07:19.480Z: {:message=>"Switched database connection", :connection_name=>"main"}
2022-10-07T06:07:19.481Z: {:message=>"Finished sync of dynamic postgres partitions"}
2022-10-07T06:07:52.466Z: ActiveRecord connections disconnected
2022-10-07T06:07:53.409Z: ActiveRecord connection established
2022-10-07T06:07:53.495Z: ActiveRecord connection established
2022-10-07T06:07:53.500Z: ActiveRecord connection established
2022-10-07T06:07:53.625Z: ActiveRecord connection established
2022-10-07T06:07:54.282Z: ActiveRecord connection established
2022-10-07T06:07:56.608Z: {:message=>"Syncing dynamic postgres partitions"}
2022-10-07T06:07:56.609Z: {:message=>"Switched database connection", :connection_name=>"main"}
2022-10-07T06:07:56.639Z: {:message=>"Checking state of dynamic postgres partitions", :table_name=>"audit_events", :connection_name=>"main"}
2022-10-07T06:07:56.679Z: {:message=>"Switched database connection", :connection_name=>"main"}
2022-10-07T06:07:56.684Z: {:message=>"Checking state of dynamic postgres partitions", :table_name=>"web_hook_logs", :connection_name=>"main"}
2022-10-07T06:07:56.713Z: {:message=>"Switched database connection", :connection_name=>"main"}
2022-10-07T06:07:56.718Z: {:message=>"Checking state of dynamic postgres partitions", :table_name=>"loose_foreign_keys_deleted_records", :connection_name=>"main"}
2022-10-07T06:07:56.774Z: {:message=>"Switched database connection", :connection_name=>"main"}
2022-10-07T06:07:56.779Z: {:message=>"Checking state of dynamic postgres partitions", :table_name=>"batched_background_migration_job_transition_logs", :connection_name=>"main"}
2022-10-07T06:07:56.810Z: {:message=>"Switched database connection", :connection_name=>"main"}
2022-10-07T06:07:56.815Z: {:message=>"Checking state of dynamic postgres partitions", :table_name=>"incident_management_pending_alert_escalations", :connection_name=>"main"}
2022-10-07T06:07:56.843Z: {:message=>"Switched database connection", :connection_name=>"main"}
2022-10-07T06:07:56.848Z: {:message=>"Checking state of dynamic postgres partitions", :table_name=>"incident_management_pending_issue_escalations", :connection_name=>"main"}
2022-10-07T06:07:56.876Z: {:message=>"Switched database connection", :connection_name=>"main"}
2022-10-07T06:07:56.881Z: {:message=>"Checking state of dynamic postgres partitions", :table_name=>"security_findings", :connection_name=>"main"}
2022-10-07T06:07:56.922Z: {:message=>"Switched database connection", :connection_name=>"main"}
2022-10-07T06:07:56.927Z: {:message=>"Checking state of dynamic postgres partitions", :table_name=>"verification_codes", :connection_name=>"main"}
2022-10-07T06:07:56.956Z: {:message=>"Switched database connection", :connection_name=>"main"}
2022-10-07T06:07:56.956Z: {:message=>"Switched database connection", :connection_name=>"main"}
2022-10-07T06:07:56.957Z: {:message=>"Switched database connection", :connection_name=>"main"}
2022-10-07T06:07:56.957Z: {:message=>"Switched database connection", :connection_name=>"main"}
2022-10-07T06:07:56.957Z: {:message=>"Switched database connection", :connection_name=>"main"}
2022-10-07T06:07:56.958Z: {:message=>"Switched database connection", :connection_name=>"main"}
2022-10-07T06:07:56.958Z: {:message=>"Finished sync of dynamic postgres partitions"}
2022-10-07T06:08:27.734Z: ActiveRecord connection established
2022-10-07T06:08:30.027Z: {:message=>"Syncing dynamic postgres partitions"}
2022-10-07T06:08:30.028Z: {:message=>"Switched database connection", :connection_name=>"main"}
2022-10-07T06:08:30.058Z: {:message=>"Checking state of dynamic postgres partitions", :table_name=>"audit_events", :connection_name=>"main"}
2022-10-07T06:08:30.098Z: {:message=>"Switched database connection", :connection_name=>"main"}
2022-10-07T06:08:30.103Z: {:message=>"Checking state of dynamic postgres partitions", :table_name=>"web_hook_logs", :connection_name=>"main"}
2022-10-07T06:08:30.132Z: {:message=>"Switched database connection", :connection_name=>"main"}
2022-10-07T06:08:30.137Z: {:message=>"Checking state of dynamic postgres partitions", :table_name=>"loose_foreign_keys_deleted_records", :connection_name=>"main"}
2022-10-07T06:08:30.193Z: {:message=>"Switched database connection", :connection_name=>"main"}
2022-10-07T06:08:30.198Z: {:message=>"Checking state of dynamic postgres partitions", :table_name=>"batched_background_migration_job_transition_logs", :connection_name=>"main"}
2022-10-07T06:08:30.229Z: {:message=>"Switched database connection", :connection_name=>"main"}
2022-10-07T06:08:30.234Z: {:message=>"Checking state of dynamic postgres partitions", :table_name=>"incident_management_pending_alert_escalations", :connection_name=>"main"}
2022-10-07T06:08:30.262Z: {:message=>"Switched database connection", :connection_name=>"main"}
2022-10-07T06:08:30.267Z: {:message=>"Checking state of dynamic postgres partitions", :table_name=>"incident_management_pending_issue_escalations", :connection_name=>"main"}
2022-10-07T06:08:30.295Z: {:message=>"Switched database connection", :connection_name=>"main"}
2022-10-07T06:08:30.300Z: {:message=>"Checking state of dynamic postgres partitions", :table_name=>"security_findings", :connection_name=>"main"}
2022-10-07T06:08:30.341Z: {:message=>"Switched database connection", :connection_name=>"main"}
2022-10-07T06:08:30.346Z: {:message=>"Checking state of dynamic postgres partitions", :table_name=>"verification_codes", :connection_name=>"main"}
2022-10-07T06:08:30.373Z: {:message=>"Switched database connection", :connection_name=>"main"}
2022-10-07T06:08:30.374Z: {:message=>"Switched database connection", :connection_name=>"main"}
2022-10-07T06:08:30.374Z: {:message=>"Switched database connection", :connection_name=>"main"}
2022-10-07T06:08:30.375Z: {:message=>"Switched database connection", :connection_name=>"main"}
2022-10-07T06:08:30.375Z: {:message=>"Switched database connection", :connection_name=>"main"}
2022-10-07T06:08:30.375Z: {:message=>"Switched database connection", :connection_name=>"main"}
2022-10-07T06:08:30.376Z: {:message=>"Finished sync of dynamic postgres partitions"}
2022-10-07T06:11:34.857Z: (ldapmain) Callback phase initiated.
2022-10-07T06:11:35.045Z: Instantiating Gitlab::Auth::Ldap::Person with LDIF:
dn: cn=lin,ou=adminuser,dc=rinrin,dc=net
cn: lin
givenname: lin
memberof: CN=SliverBakeryGroup,OU=Group,DC=rinrin,DC=net
memberof: CN=AdminGroup,OU=Group,DC=rinrin,DC=net
samaccountname: lin
userprincipalname: lin@rinrin.net

2022-10-07T06:12:04.638Z: lin created a new project "lin / test"
2022-10-07T06:12:05.208Z: Updating statistics for project 3
2022-10-07T06:12:05.589Z: Updating statistics for project 3
2022-10-07T06:15:52.864Z: Adding key (key-2): ssh-rsa AAAAB3NzaC1yc2EAAAADAQABAAABgQCy2t+Sbm+J7F04wUbobHjfkAc49pQDm3bVVFd/Mz+5kF9iEkFHyP62RL5Sk4t6HWlSf5DWCVs/JuIKnZoBpQGYEBrXZ5yvFjfBbAf6t95lje/0d2Xt03RpZ3bSgPzT4QKPuNI4Sybfw24GedsitG6FIiUT0wVOsD/wtJ/5pqTVkgd8oc6LWLsAmnuqPW0fV41vc9tYUoLG80jEojpifUWRZlazsWVBya0m0vbx5gj2UF1TnUOKxCfX+ohyk4a49DHGZjAB7xYTX1DHsuqnRTQo6uIsKCLECctYn5IBYDJNPrsf19/vadry6jnAP9o0ayLSL7aHVJhJsC7q2S1xEEeovngdrGfSegLRXwDAfnSu5w+qtPUWBWOLKOHnooIHde/IvM8UFvoS6RQn1jl8W0TnPIYRl+HqP1i66M2VxKErcCYvwMHfnTlO8j/desZ+O2Ifp9OJal0F/70sdOvK0yfsy/Bywxb1q47vbWrjnvDWpna7ijWLgXwTI7jdRvnJ9i0=
2022-10-07T06:20:24.596Z: Ci::StuckBuilds::DropRunningService: Cleaning running, timed-out builds
2022-10-07T06:23:42.030Z: lin created a new project "lin / testt"
2022-10-07T06:23:42.490Z: Updating statistics for project 4
2022-10-07T06:23:42.586Z: Cannot obtain an exclusive lease for namespace:namespaces_root_statistics:4. There must be another instance already in execution.
2022-10-07T06:23:42.598Z: Updating statistics for project 4
2022-10-07T06:27:06.837Z: Updating statistics for project 3
2022-10-07T06:27:06.850Z: Updating statistics for project 3
2022-10-07T06:38:44.069Z: Updating statistics for project 4
2022-10-07T06:38:44.071Z: Updating statistics for project 4
2022-10-07T06:40:28.543Z: Ci::StuckBuilds::DropScheduledService: Cleaning scheduled, timed-out builds
2022-10-07T06:55:47.895Z: Updating statistics for project 4
2022-10-07T07:00:12.620Z: Ci::StuckBuilds::DropPendingService: Cleaning pending timed-out builds
2022-10-07T07:10:48.329Z: Updating statistics for project 4
2022-10-07T07:20:16.944Z: Ci::StuckBuilds::DropRunningService: Cleaning running, timed-out builds
2022-10-07T07:40:13.862Z: Ci::StuckBuilds::DropScheduledService: Cleaning scheduled, timed-out builds
2022-10-07T08:00:28.600Z: Ci::StuckBuilds::DropPendingService: Cleaning pending timed-out builds
2022-10-07T08:20:30.293Z: Ci::StuckBuilds::DropRunningService: Cleaning running, timed-out builds
2022-10-07T08:40:28.650Z: Ci::StuckBuilds::DropScheduledService: Cleaning scheduled, timed-out builds
2022-10-07T09:00:28.914Z: Ci::StuckBuilds::DropPendingService: Cleaning pending timed-out builds
2022-10-07T09:20:30.839Z: Ci::StuckBuilds::DropRunningService: Cleaning running, timed-out builds
2022-10-07T09:21:24.058Z: {:message=>"Syncing dynamic postgres partitions"}
2022-10-07T09:21:24.062Z: {:message=>"Switched database connection", :connection_name=>"main"}
2022-10-07T09:21:24.077Z: {:message=>"Checking state of dynamic postgres partitions", :table_name=>"audit_events", :connection_name=>"main"}
2022-10-07T09:21:24.341Z: {:message=>"Switched database connection", :connection_name=>"main"}
2022-10-07T09:21:24.367Z: {:message=>"Checking state of dynamic postgres partitions", :table_name=>"web_hook_logs", :connection_name=>"main"}
2022-10-07T09:21:24.773Z: {:message=>"Switched database connection", :connection_name=>"main"}
2022-10-07T09:21:24.984Z: {:message=>"Checking state of dynamic postgres partitions", :table_name=>"loose_foreign_keys_deleted_records", :connection_name=>"main"}
2022-10-07T09:21:25.502Z: {:message=>"Switched database connection", :connection_name=>"main"}
2022-10-07T09:21:25.507Z: {:message=>"Checking state of dynamic postgres partitions", :table_name=>"batched_background_migration_job_transition_logs", :connection_name=>"main"}
2022-10-07T09:21:25.523Z: {:message=>"Switched database connection", :connection_name=>"main"}
2022-10-07T09:21:25.528Z: {:message=>"Checking state of dynamic postgres partitions", :table_name=>"incident_management_pending_alert_escalations", :connection_name=>"main"}
2022-10-07T09:21:25.542Z: {:message=>"Switched database connection", :connection_name=>"main"}
2022-10-07T09:21:25.547Z: {:message=>"Checking state of dynamic postgres partitions", :table_name=>"incident_management_pending_issue_escalations", :connection_name=>"main"}
2022-10-07T09:21:25.560Z: {:message=>"Switched database connection", :connection_name=>"main"}
2022-10-07T09:21:25.565Z: {:message=>"Checking state of dynamic postgres partitions", :table_name=>"security_findings", :connection_name=>"main"}
2022-10-07T09:21:25.584Z: {:message=>"Switched database connection", :connection_name=>"main"}
2022-10-07T09:21:25.589Z: {:message=>"Checking state of dynamic postgres partitions", :table_name=>"verification_codes", :connection_name=>"main"}
2022-10-07T09:21:25.602Z: {:message=>"Switched database connection", :connection_name=>"main"}
2022-10-07T09:21:25.603Z: {:message=>"Switched database connection", :connection_name=>"main"}
2022-10-07T09:21:25.603Z: {:message=>"Switched database connection", :connection_name=>"main"}
2022-10-07T09:21:25.603Z: {:message=>"Switched database connection", :connection_name=>"main"}
2022-10-07T09:21:25.603Z: {:message=>"Switched database connection", :connection_name=>"main"}
2022-10-07T09:21:25.604Z: {:message=>"Switched database connection", :connection_name=>"main"}
2022-10-07T09:21:25.604Z: {:message=>"Finished sync of dynamic postgres partitions"}
2022-10-07T09:21:25.604Z: {:message=>"Switched database connection", :connection_name=>"main"}
2022-10-07T09:21:25.612Z: {:message=>"Switched database connection", :connection_name=>"main"}
2022-10-07T09:21:25.620Z: {:message=>"Switched database connection", :connection_name=>"main"}
2022-10-07T09:21:25.625Z: {:message=>"Switched database connection", :connection_name=>"main"}
2022-10-07T09:21:25.634Z: {:message=>"Switched database connection", :connection_name=>"main"}
2022-10-07T09:21:25.642Z: {:message=>"Switched database connection", :connection_name=>"main"}
2022-10-07T09:21:25.649Z: {:message=>"Switched database connection", :connection_name=>"main"}
2022-10-07T09:26:37.285Z: Instantiating Gitlab::Auth::Ldap::Person with LDIF:
dn: cn=lin,ou=adminuser,dc=rinrin,dc=net
cn: lin
givenname: lin
memberof: CN=SliverBakeryGroup,OU=Group,DC=rinrin,DC=net
memberof: CN=AdminGroup,OU=Group,DC=rinrin,DC=net
samaccountname: lin
userprincipalname: lin@rinrin.net

2022-10-07T09:40:31.118Z: Ci::StuckBuilds::DropScheduledService: Cleaning scheduled, timed-out builds
2022-10-07T10:00:04.775Z: Ci::StuckBuilds::DropPendingService: Cleaning pending timed-out builds
2022-10-07T10:20:07.705Z: Ci::StuckBuilds::DropRunningService: Cleaning running, timed-out builds
2022-10-07T10:40:04.883Z: Ci::StuckBuilds::DropScheduledService: Cleaning scheduled, timed-out builds
2022-10-07T11:00:42.026Z: Ci::StuckBuilds::DropPendingService: Cleaning pending timed-out builds
2022-10-07T11:20:46.319Z: Ci::StuckBuilds::DropRunningService: Cleaning running, timed-out builds
2022-10-07T11:40:45.003Z: Ci::StuckBuilds::DropScheduledService: Cleaning scheduled, timed-out builds
2022-10-07T12:00:14.155Z: Ci::StuckBuilds::DropPendingService: Cleaning pending timed-out builds
2022-10-07T12:20:18.388Z: Ci::StuckBuilds::DropRunningService: Cleaning running, timed-out builds
2022-10-07T12:40:16.407Z: Ci::StuckBuilds::DropScheduledService: Cleaning scheduled, timed-out builds
2022-10-07T13:00:22.128Z: Ci::StuckBuilds::DropPendingService: Cleaning pending timed-out builds
2022-10-07T13:20:26.321Z: Ci::StuckBuilds::DropRunningService: Cleaning running, timed-out builds
2022-10-07T13:40:29.083Z: Ci::StuckBuilds::DropScheduledService: Cleaning scheduled, timed-out builds
2022-10-07T14:00:24.995Z: Ci::StuckBuilds::DropPendingService: Cleaning pending timed-out builds
2022-10-07T14:20:27.570Z: Ci::StuckBuilds::DropRunningService: Cleaning running, timed-out builds
2022-10-07T14:40:28.826Z: Ci::StuckBuilds::DropScheduledService: Cleaning scheduled, timed-out builds
2022-10-07T15:00:12.173Z: Ci::StuckBuilds::DropPendingService: Cleaning pending timed-out builds
