{"severity":"INFO","time":"2022-10-06T15:56:06.076Z","correlation_id":"889529918fbd3ea5d0d5c65e516f304b","message":"User \"GitLab Alert Bot\" (alert@git.rinlink.jp) was created"}
{"severity":"INFO","time":"2022-10-06T15:56:11.094Z","correlation_id":"889529918fbd3ea5d0d5c65e516f304b","message":"User \"GitLab Support Bot\" (support@git.rinlink.jp) was created"}
{"severity":"INFO","time":"2022-10-06T16:00:08.110Z","correlation_id":"9431c8cdaef07bd504a085e7f1c472ad","message":"Ci::StuckBuilds::DropPendingService: Cleaning pending timed-out builds"}
{"severity":"INFO","time":"2022-10-06T16:00:09.211Z","correlation_id":"ce9a9e94ce54ec48d9d1e173714eea10","message":"Refreshing trending projects"}
{"severity":"INFO","time":"2022-10-06T16:20:09.968Z","correlation_id":"6b651dd114302d008252172d06aea50a","message":"Ci::StuckBuilds::DropRunningService: Cleaning running, timed-out builds"}
{"severity":"INFO","time":"2022-10-06T16:40:08.620Z","correlation_id":"0dbbc007405b3aece832ebd9a7a463cf","message":"Ci::StuckBuilds::DropScheduledService: Cleaning scheduled, timed-out builds"}
{"severity":"INFO","time":"2022-10-06T17:00:17.538Z","correlation_id":"71345502a657c1c0eaa2dd2c6a65b880","message":"Ci::StuckBuilds::DropPendingService: Cleaning pending timed-out builds"}
{"severity":"INFO","time":"2022-10-06T17:20:23.989Z","correlation_id":"efbfea4b1237d5ffb8c4bdc9b64e9195","message":"Ci::StuckBuilds::DropRunningService: Cleaning running, timed-out builds"}
{"severity":"DEBUG","time":"2022-10-06T17:29:07.487Z","correlation_id":null,"message":"ActiveRecord connection established"}
{"severity":"DEBUG","time":"2022-10-06T17:30:07.473Z","correlation_id":null,"message":"ActiveRecord connection established"}
{"severity":"DEBUG","time":"2022-10-06T17:31:07.431Z","correlation_id":null,"message":"ActiveRecord connection established"}
{"severity":"DEBUG","time":"2022-10-06T17:32:07.430Z","correlation_id":null,"message":"ActiveRecord connection established"}
{"severity":"INFO","time":"2022-10-06T17:40:20.658Z","correlation_id":"eaef195f4f1e66281e23b6d266202466","message":"Ci::StuckBuilds::DropScheduledService: Cleaning scheduled, timed-out builds"}
{"severity":"INFO","time":"2022-10-06T18:00:11.798Z","correlation_id":"cf80e7e379bc3a50fe975ff60bb0c243","message":"Ci::StuckBuilds::DropPendingService: Cleaning pending timed-out builds"}
{"severity":"INFO","time":"2022-10-06T18:20:14.649Z","correlation_id":"d92c7dc81c1e01e3f49eef59512ac09e","message":"Ci::StuckBuilds::DropRunningService: Cleaning running, timed-out builds"}
{"severity":"INFO","time":"2022-10-06T18:40:11.834Z","correlation_id":"1ae852a60fbcd8251c1cb6d79ba7497b","message":"Ci::StuckBuilds::DropScheduledService: Cleaning scheduled, timed-out builds"}
{"severity":"INFO","time":"2022-10-06T19:00:06.513Z","correlation_id":"926eede15eb32f925a8d4a950da888b4","message":"Ci::StuckBuilds::DropPendingService: Cleaning pending timed-out builds"}
{"severity":"INFO","time":"2022-10-06T19:20:06.903Z","correlation_id":"ec6dd2edec1af5d804e1412e6f544054","message":"Ci::StuckBuilds::DropRunningService: Cleaning running, timed-out builds"}
{"severity":"INFO","time":"2022-10-06T19:40:08.023Z","correlation_id":"7d94c5b7ad27caf725ee5f85bc55d800","message":"Ci::StuckBuilds::DropScheduledService: Cleaning scheduled, timed-out builds"}
{"severity":"INFO","time":"2022-10-06T20:00:20.477Z","correlation_id":"f6e43796da6c58066d758eeb929b646a","message":"Ci::StuckBuilds::DropPendingService: Cleaning pending timed-out builds"}
{"severity":"INFO","time":"2022-10-06T20:20:22.747Z","correlation_id":"6c1b4f0add1c1bc5e4fb0bf69764488c","message":"Ci::StuckBuilds::DropRunningService: Cleaning running, timed-out builds"}
{"severity":"INFO","time":"2022-10-06T20:40:25.021Z","correlation_id":"cd5c3bf76917b3362aa85388389f3232","message":"Ci::StuckBuilds::DropScheduledService: Cleaning scheduled, timed-out builds"}
{"severity":"INFO","time":"2022-10-06T21:00:19.927Z","correlation_id":"c12e24da1fa57aa74ae396f66b3d2adc","message":"Ci::StuckBuilds::DropPendingService: Cleaning pending timed-out builds"}
{"severity":"INFO","time":"2022-10-06T21:20:24.159Z","correlation_id":"a889a1042cd506f2ac5a6d040f3f6b69","message":"Ci::StuckBuilds::DropRunningService: Cleaning running, timed-out builds"}
{"severity":"INFO","time":"2022-10-06T21:21:09.578Z","correlation_id":"af01e35f1869fd73dbc50c7831ef033d","message":"Syncing dynamic postgres partitions"}
{"severity":"DEBUG","time":"2022-10-06T21:21:09.579Z","correlation_id":"af01e35f1869fd73dbc50c7831ef033d","message":"Switched database connection","connection_name":"main"}
{"severity":"INFO","time":"2022-10-06T21:21:09.594Z","correlation_id":"af01e35f1869fd73dbc50c7831ef033d","message":"Checking state of dynamic postgres partitions","table_name":"audit_events","connection_name":"main"}
{"severity":"DEBUG","time":"2022-10-06T21:21:09.644Z","correlation_id":"af01e35f1869fd73dbc50c7831ef033d","message":"Switched database connection","connection_name":"main"}
{"severity":"INFO","time":"2022-10-06T21:21:09.650Z","correlation_id":"af01e35f1869fd73dbc50c7831ef033d","message":"Checking state of dynamic postgres partitions","table_name":"web_hook_logs","connection_name":"main"}
{"severity":"DEBUG","time":"2022-10-06T21:21:09.663Z","correlation_id":"af01e35f1869fd73dbc50c7831ef033d","message":"Switched database connection","connection_name":"main"}
{"severity":"INFO","time":"2022-10-06T21:21:09.668Z","correlation_id":"af01e35f1869fd73dbc50c7831ef033d","message":"Checking state of dynamic postgres partitions","table_name":"loose_foreign_keys_deleted_records","connection_name":"main"}
{"severity":"DEBUG","time":"2022-10-06T21:21:09.690Z","correlation_id":"af01e35f1869fd73dbc50c7831ef033d","message":"Switched database connection","connection_name":"main"}
{"severity":"INFO","time":"2022-10-06T21:21:09.695Z","correlation_id":"af01e35f1869fd73dbc50c7831ef033d","message":"Checking state of dynamic postgres partitions","table_name":"batched_background_migration_job_transition_logs","connection_name":"main"}
{"severity":"DEBUG","time":"2022-10-06T21:21:09.710Z","correlation_id":"af01e35f1869fd73dbc50c7831ef033d","message":"Switched database connection","connection_name":"main"}
{"severity":"INFO","time":"2022-10-06T21:21:09.715Z","correlation_id":"af01e35f1869fd73dbc50c7831ef033d","message":"Checking state of dynamic postgres partitions","table_name":"incident_management_pending_alert_escalations","connection_name":"main"}
{"severity":"DEBUG","time":"2022-10-06T21:21:09.728Z","correlation_id":"af01e35f1869fd73dbc50c7831ef033d","message":"Switched database connection","connection_name":"main"}
{"severity":"INFO","time":"2022-10-06T21:21:09.734Z","correlation_id":"af01e35f1869fd73dbc50c7831ef033d","message":"Checking state of dynamic postgres partitions","table_name":"incident_management_pending_issue_escalations","connection_name":"main"}
{"severity":"DEBUG","time":"2022-10-06T21:21:09.747Z","correlation_id":"af01e35f1869fd73dbc50c7831ef033d","message":"Switched database connection","connection_name":"main"}
{"severity":"INFO","time":"2022-10-06T21:21:09.752Z","correlation_id":"af01e35f1869fd73dbc50c7831ef033d","message":"Checking state of dynamic postgres partitions","table_name":"security_findings","connection_name":"main"}
{"severity":"DEBUG","time":"2022-10-06T21:21:09.770Z","correlation_id":"af01e35f1869fd73dbc50c7831ef033d","message":"Switched database connection","connection_name":"main"}
{"severity":"INFO","time":"2022-10-06T21:21:09.775Z","correlation_id":"af01e35f1869fd73dbc50c7831ef033d","message":"Checking state of dynamic postgres partitions","table_name":"verification_codes","connection_name":"main"}
{"severity":"DEBUG","time":"2022-10-06T21:21:09.788Z","correlation_id":"af01e35f1869fd73dbc50c7831ef033d","message":"Switched database connection","connection_name":"main"}
{"severity":"DEBUG","time":"2022-10-06T21:21:09.788Z","correlation_id":"af01e35f1869fd73dbc50c7831ef033d","message":"Switched database connection","connection_name":"main"}
{"severity":"DEBUG","time":"2022-10-06T21:21:09.789Z","correlation_id":"af01e35f1869fd73dbc50c7831ef033d","message":"Switched database connection","connection_name":"main"}
{"severity":"DEBUG","time":"2022-10-06T21:21:09.789Z","correlation_id":"af01e35f1869fd73dbc50c7831ef033d","message":"Switched database connection","connection_name":"main"}
{"severity":"DEBUG","time":"2022-10-06T21:21:09.789Z","correlation_id":"af01e35f1869fd73dbc50c7831ef033d","message":"Switched database connection","connection_name":"main"}
{"severity":"DEBUG","time":"2022-10-06T21:21:09.790Z","correlation_id":"af01e35f1869fd73dbc50c7831ef033d","message":"Switched database connection","connection_name":"main"}
{"severity":"INFO","time":"2022-10-06T21:21:09.790Z","correlation_id":"af01e35f1869fd73dbc50c7831ef033d","message":"Finished sync of dynamic postgres partitions"}
{"severity":"DEBUG","time":"2022-10-06T21:21:09.790Z","correlation_id":"af01e35f1869fd73dbc50c7831ef033d","message":"Switched database connection","connection_name":"main"}
{"severity":"DEBUG","time":"2022-10-06T21:21:09.797Z","correlation_id":"af01e35f1869fd73dbc50c7831ef033d","message":"Switched database connection","connection_name":"main"}
{"severity":"DEBUG","time":"2022-10-06T21:21:09.804Z","correlation_id":"af01e35f1869fd73dbc50c7831ef033d","message":"Switched database connection","connection_name":"main"}
{"severity":"DEBUG","time":"2022-10-06T21:21:09.809Z","correlation_id":"af01e35f1869fd73dbc50c7831ef033d","message":"Switched database connection","connection_name":"main"}
{"severity":"DEBUG","time":"2022-10-06T21:21:09.818Z","correlation_id":"af01e35f1869fd73dbc50c7831ef033d","message":"Switched database connection","connection_name":"main"}
{"severity":"DEBUG","time":"2022-10-06T21:21:09.826Z","correlation_id":"af01e35f1869fd73dbc50c7831ef033d","message":"Switched database connection","connection_name":"main"}
{"severity":"DEBUG","time":"2022-10-06T21:21:09.833Z","correlation_id":"af01e35f1869fd73dbc50c7831ef033d","message":"Switched database connection","connection_name":"main"}
{"severity":"INFO","time":"2022-10-06T21:40:19.916Z","correlation_id":"ca738bc1029ac401d890c86a3ec3a0e8","message":"Ci::StuckBuilds::DropScheduledService: Cleaning scheduled, timed-out builds"}
{"severity":"INFO","time":"2022-10-06T22:00:10.464Z","correlation_id":"3480120c5bb0a77381154fe7d823d580","message":"Ci::StuckBuilds::DropPendingService: Cleaning pending timed-out builds"}
{"severity":"INFO","time":"2022-10-06T22:20:12.456Z","correlation_id":"29c158716f90a8af71bedf87cd5a2ac1","message":"Ci::StuckBuilds::DropRunningService: Cleaning running, timed-out builds"}
{"severity":"INFO","time":"2022-10-06T22:40:13.056Z","correlation_id":"d4fa2b114b3fc2b57a63d3f39d5151bd","message":"Ci::StuckBuilds::DropScheduledService: Cleaning scheduled, timed-out builds"}
{"severity":"INFO","time":"2022-10-06T23:00:08.783Z","correlation_id":"8288b2184cb3f5bdc70c8032e9d18049","message":"Ci::StuckBuilds::DropPendingService: Cleaning pending timed-out builds"}
{"severity":"INFO","time":"2022-10-06T23:20:10.864Z","correlation_id":"cb4c34e36854c101d55371286e2c52f8","message":"Ci::StuckBuilds::DropRunningService: Cleaning running, timed-out builds"}
{"severity":"INFO","time":"2022-10-06T23:40:12.517Z","correlation_id":"705716dbf91f3943a5e4af1b762bd0c8","message":"Ci::StuckBuilds::DropScheduledService: Cleaning scheduled, timed-out builds"}
{"severity":"INFO","time":"2022-10-07T00:00:02.679Z","correlation_id":"0d9d1eb40df012dbce178fdfbf9b811c","message":"Ci::StuckBuilds::DropPendingService: Cleaning pending timed-out builds"}
{"severity":"INFO","time":"2022-10-07T00:20:04.372Z","correlation_id":"cf6bdcd1a78fd01536214c33e2198a27","message":"Ci::StuckBuilds::DropRunningService: Cleaning running, timed-out builds"}
{"severity":"INFO","time":"2022-10-07T00:40:02.865Z","correlation_id":"6201753961eba5dfd6bbe464b27f6642","message":"Ci::StuckBuilds::DropScheduledService: Cleaning scheduled, timed-out builds"}
{"severity":"INFO","time":"2022-10-07T01:00:38.676Z","correlation_id":"b895e7d1db58077a12052a180a6b95c8","message":"Ci::StuckBuilds::DropPendingService: Cleaning pending timed-out builds"}
{"severity":"INFO","time":"2022-10-07T01:20:41.121Z","correlation_id":"3b4de2a2e12b66bf92ba49ac36ba33bc","message":"Ci::StuckBuilds::DropRunningService: Cleaning running, timed-out builds"}
{"severity":"INFO","time":"2022-10-07T01:40:40.422Z","correlation_id":"338a776343b8672c06fd73dbd3c1214c","message":"Ci::StuckBuilds::DropScheduledService: Cleaning scheduled, timed-out builds"}
{"severity":"INFO","time":"2022-10-07T02:00:25.725Z","correlation_id":"969583a09474b4c9455cab8074ff3b32","message":"Ci::StuckBuilds::DropPendingService: Cleaning pending timed-out builds"}
{"severity":"INFO","time":"2022-10-07T02:20:26.976Z","correlation_id":"fc023a7704d3c9aa124f2b81de177d82","message":"Ci::StuckBuilds::DropRunningService: Cleaning running, timed-out builds"}
{"severity":"INFO","time":"2022-10-07T02:40:28.293Z","correlation_id":"d856ee05f3acf3214c0a10a6beefdd75","message":"Ci::StuckBuilds::DropScheduledService: Cleaning scheduled, timed-out builds"}
{"severity":"INFO","time":"2022-10-07T03:00:32.001Z","correlation_id":"0f6529f3882f1ba9a6a992a0190603af","message":"Ci::StuckBuilds::DropPendingService: Cleaning pending timed-out builds"}
{"severity":"INFO","time":"2022-10-07T03:20:35.352Z","correlation_id":"c0f782bf301599591be4d28c86f269ef","message":"Ci::StuckBuilds::DropRunningService: Cleaning running, timed-out builds"}
{"severity":"INFO","time":"2022-10-07T03:21:16.268Z","correlation_id":"f58325448fa211a750e14f2ce89b1fd5","message":"Syncing dynamic postgres partitions"}
{"severity":"DEBUG","time":"2022-10-07T03:21:16.301Z","correlation_id":"f58325448fa211a750e14f2ce89b1fd5","message":"Switched database connection","connection_name":"main"}
{"severity":"INFO","time":"2022-10-07T03:21:16.309Z","correlation_id":"f58325448fa211a750e14f2ce89b1fd5","message":"Checking state of dynamic postgres partitions","table_name":"audit_events","connection_name":"main"}
{"severity":"DEBUG","time":"2022-10-07T03:21:16.329Z","correlation_id":"f58325448fa211a750e14f2ce89b1fd5","message":"Switched database connection","connection_name":"main"}
{"severity":"INFO","time":"2022-10-07T03:21:16.335Z","correlation_id":"f58325448fa211a750e14f2ce89b1fd5","message":"Checking state of dynamic postgres partitions","table_name":"web_hook_logs","connection_name":"main"}
{"severity":"DEBUG","time":"2022-10-07T03:21:16.349Z","correlation_id":"f58325448fa211a750e14f2ce89b1fd5","message":"Switched database connection","connection_name":"main"}
{"severity":"INFO","time":"2022-10-07T03:21:16.354Z","correlation_id":"f58325448fa211a750e14f2ce89b1fd5","message":"Checking state of dynamic postgres partitions","table_name":"loose_foreign_keys_deleted_records","connection_name":"main"}
{"severity":"DEBUG","time":"2022-10-07T03:21:16.375Z","correlation_id":"f58325448fa211a750e14f2ce89b1fd5","message":"Switched database connection","connection_name":"main"}
{"severity":"INFO","time":"2022-10-07T03:21:16.381Z","correlation_id":"f58325448fa211a750e14f2ce89b1fd5","message":"Checking state of dynamic postgres partitions","table_name":"batched_background_migration_job_transition_logs","connection_name":"main"}
{"severity":"DEBUG","time":"2022-10-07T03:21:16.397Z","correlation_id":"f58325448fa211a750e14f2ce89b1fd5","message":"Switched database connection","connection_name":"main"}
{"severity":"INFO","time":"2022-10-07T03:21:16.402Z","correlation_id":"f58325448fa211a750e14f2ce89b1fd5","message":"Checking state of dynamic postgres partitions","table_name":"incident_management_pending_alert_escalations","connection_name":"main"}
{"severity":"DEBUG","time":"2022-10-07T03:21:16.416Z","correlation_id":"f58325448fa211a750e14f2ce89b1fd5","message":"Switched database connection","connection_name":"main"}
{"severity":"INFO","time":"2022-10-07T03:21:16.421Z","correlation_id":"f58325448fa211a750e14f2ce89b1fd5","message":"Checking state of dynamic postgres partitions","table_name":"incident_management_pending_issue_escalations","connection_name":"main"}
{"severity":"DEBUG","time":"2022-10-07T03:21:16.435Z","correlation_id":"f58325448fa211a750e14f2ce89b1fd5","message":"Switched database connection","connection_name":"main"}
{"severity":"INFO","time":"2022-10-07T03:21:16.440Z","correlation_id":"f58325448fa211a750e14f2ce89b1fd5","message":"Checking state of dynamic postgres partitions","table_name":"security_findings","connection_name":"main"}
{"severity":"DEBUG","time":"2022-10-07T03:21:16.458Z","correlation_id":"f58325448fa211a750e14f2ce89b1fd5","message":"Switched database connection","connection_name":"main"}
{"severity":"INFO","time":"2022-10-07T03:21:16.463Z","correlation_id":"f58325448fa211a750e14f2ce89b1fd5","message":"Checking state of dynamic postgres partitions","table_name":"verification_codes","connection_name":"main"}
{"severity":"DEBUG","time":"2022-10-07T03:21:16.476Z","correlation_id":"f58325448fa211a750e14f2ce89b1fd5","message":"Switched database connection","connection_name":"main"}
{"severity":"DEBUG","time":"2022-10-07T03:21:16.477Z","correlation_id":"f58325448fa211a750e14f2ce89b1fd5","message":"Switched database connection","connection_name":"main"}
{"severity":"DEBUG","time":"2022-10-07T03:21:16.477Z","correlation_id":"f58325448fa211a750e14f2ce89b1fd5","message":"Switched database connection","connection_name":"main"}
{"severity":"DEBUG","time":"2022-10-07T03:21:16.477Z","correlation_id":"f58325448fa211a750e14f2ce89b1fd5","message":"Switched database connection","connection_name":"main"}
{"severity":"DEBUG","time":"2022-10-07T03:21:16.478Z","correlation_id":"f58325448fa211a750e14f2ce89b1fd5","message":"Switched database connection","connection_name":"main"}
{"severity":"DEBUG","time":"2022-10-07T03:21:16.478Z","correlation_id":"f58325448fa211a750e14f2ce89b1fd5","message":"Switched database connection","connection_name":"main"}
{"severity":"INFO","time":"2022-10-07T03:21:16.478Z","correlation_id":"f58325448fa211a750e14f2ce89b1fd5","message":"Finished sync of dynamic postgres partitions"}
{"severity":"DEBUG","time":"2022-10-07T03:21:16.479Z","correlation_id":"f58325448fa211a750e14f2ce89b1fd5","message":"Switched database connection","connection_name":"main"}
{"severity":"DEBUG","time":"2022-10-07T03:21:16.486Z","correlation_id":"f58325448fa211a750e14f2ce89b1fd5","message":"Switched database connection","connection_name":"main"}
{"severity":"DEBUG","time":"2022-10-07T03:21:16.494Z","correlation_id":"f58325448fa211a750e14f2ce89b1fd5","message":"Switched database connection","connection_name":"main"}
{"severity":"DEBUG","time":"2022-10-07T03:21:16.499Z","correlation_id":"f58325448fa211a750e14f2ce89b1fd5","message":"Switched database connection","connection_name":"main"}
{"severity":"DEBUG","time":"2022-10-07T03:21:16.508Z","correlation_id":"f58325448fa211a750e14f2ce89b1fd5","message":"Switched database connection","connection_name":"main"}
{"severity":"DEBUG","time":"2022-10-07T03:21:16.515Z","correlation_id":"f58325448fa211a750e14f2ce89b1fd5","message":"Switched database connection","connection_name":"main"}
{"severity":"DEBUG","time":"2022-10-07T03:21:16.523Z","correlation_id":"f58325448fa211a750e14f2ce89b1fd5","message":"Switched database connection","connection_name":"main"}
{"severity":"INFO","time":"2022-10-07T03:40:36.245Z","correlation_id":"4ea161fe5864b6a1af04107a05e5028e","message":"Ci::StuckBuilds::DropScheduledService: Cleaning scheduled, timed-out builds"}
{"severity":"INFO","time":"2022-10-07T03:45:07.257Z","correlation_id":"9aa655b00199538878e11fbe38e9c880","message":"Dropping detached postgres partitions"}
{"severity":"DEBUG","time":"2022-10-07T03:45:07.265Z","correlation_id":"9aa655b00199538878e11fbe38e9c880","message":"Switched database connection","connection_name":"main"}
{"severity":"INFO","time":"2022-10-07T03:45:07.272Z","correlation_id":"9aa655b00199538878e11fbe38e9c880","message":"Checking for previously detached partitions to drop"}
{"severity":"INFO","time":"2022-10-07T03:45:07.327Z","correlation_id":"9aa655b00199538878e11fbe38e9c880","message":"Finished dropping detached postgres partitions"}
{"severity":"DEBUG","time":"2022-10-07T03:45:07.330Z","correlation_id":"9aa655b00199538878e11fbe38e9c880","message":"Switched database connection","connection_name":"main"}
{"severity":"DEBUG","time":"2022-10-07T03:45:07.345Z","correlation_id":"9aa655b00199538878e11fbe38e9c880","message":"Switched database connection","connection_name":"main"}
{"severity":"DEBUG","time":"2022-10-07T03:45:07.358Z","correlation_id":"9aa655b00199538878e11fbe38e9c880","message":"Switched database connection","connection_name":"main"}
{"severity":"DEBUG","time":"2022-10-07T03:45:07.373Z","correlation_id":"9aa655b00199538878e11fbe38e9c880","message":"Switched database connection","connection_name":"main"}
{"severity":"DEBUG","time":"2022-10-07T03:45:07.387Z","correlation_id":"9aa655b00199538878e11fbe38e9c880","message":"Switched database connection","connection_name":"main"}
{"severity":"DEBUG","time":"2022-10-07T03:45:07.400Z","correlation_id":"9aa655b00199538878e11fbe38e9c880","message":"Switched database connection","connection_name":"main"}
{"severity":"DEBUG","time":"2022-10-07T03:45:07.412Z","correlation_id":"9aa655b00199538878e11fbe38e9c880","message":"Switched database connection","connection_name":"main"}
{"severity":"INFO","time":"2022-10-07T04:00:42.444Z","correlation_id":"a4ab950227757a3117a446189efc940e","message":"Ci::StuckBuilds::DropPendingService: Cleaning pending timed-out builds"}
{"severity":"INFO","time":"2022-10-07T04:20:45.151Z","correlation_id":"29ea6ce83d0b0b7c9fd31b54e0273715","message":"Ci::StuckBuilds::DropRunningService: Cleaning running, timed-out builds"}
{"severity":"INFO","time":"2022-10-07T04:35:44.109Z","correlation_id":"01GERBMM9429WGNYVY491WV13H","message":"Adding key (key-1): ssh-rsa AAAAB3NzaC1yc2EAAAADAQABAAABgQD7Sgk7BJFDGpW/MmOh3x/wO2uMjqyMvQsVFwKbuNEtRI5FHLh0yTmSyEuKz6Eyc+YNRpnRxv++wHMw34cxETA6cYrV2TjuQnV663rc9kfTedjdHClqskx40QHWCNkSq1yBwMc8Wet4FReLUjWue3G7qr6jTCtUzxON9VBlOHqGpUL8UI6WTEOJ9suytIl1o7uSQzQoscqJRXP/LdPdOHkMBP7gvMLbx2NZzTP9Qh8aw426DjsG0fzwxYFSpP04nnabzHXXE4e3bX+Dz/cz3T1rWD04f0zhPToxaeSBqc2A+1q8REOW95rYlsfBMn2MNnr3COR6g0huDr4gLyEoyMx3MPk2lUqLKnDrmCKQhTweGAq+vIZa4Xd3O+3jCRiBi4iOjUBMmVZOGTUGNCcBpL1KzA4ac34w39uIkxs+UgZcDq+BLfYHrij8bPZ0dqznuPn9c3tHddYHqRliQ55P3da5DlWuk8Y1qW2OOxyZx3lwUDSDof5azLFMItw+bc0uIrs="}
{"severity":"INFO","time":"2022-10-07T04:40:47.391Z","correlation_id":"a4ca45ec90f665c0f1d74fc7103e874c","message":"Ci::StuckBuilds::DropScheduledService: Cleaning scheduled, timed-out builds"}
{"severity":"INFO","time":"2022-10-07T05:00:24.498Z","correlation_id":"a533e11bc837d8f54aee717396ac93ba","message":"Ci::StuckBuilds::DropPendingService: Cleaning pending timed-out builds"}
{"severity":"INFO","time":"2022-10-07T05:20:29.410Z","correlation_id":"8c2e83cb921de2129a3b2164e5e24d15","message":"Ci::StuckBuilds::DropRunningService: Cleaning running, timed-out builds"}
{"severity":"INFO","time":"2022-10-07T05:40:28.490Z","correlation_id":"33548fb07aed67e6ed132ddcbaa9ed42","message":"Ci::StuckBuilds::DropScheduledService: Cleaning scheduled, timed-out builds"}
{"severity":"INFO","time":"2022-10-07T05:43:23.889Z","correlation_id":"01GERFGGFEW4FBCBCJYT1D1G4V","message":"Administrator created a new project \"GitLab Instance / test\""}
{"severity":"INFO","time":"2022-10-07T05:43:24.562Z","correlation_id":"01GERFGHHFGCT7VH7KZXPE9P14","message":"Updating statistics for project 2"}
{"severity":"INFO","time":"2022-10-07T05:43:24.831Z","correlation_id":"01GERFGHHFGCT7VH7KZXPE9P14","message":"Updating statistics for project 2"}
{"severity":"INFO","time":"2022-10-07T05:49:23.814Z","correlation_id":"01GERFVGDZYGMACKADDHMWN0FF","message":"User Logout: username=root ip=118.21.158.208"}
{"severity":"INFO","time":"2022-10-07T05:49:26.406Z","correlation_id":"01GERFVJH5G8TFV9Q6G897PRMC","message":"Failed Login: username=lin ip=118.21.158.208"}
{"severity":"INFO","time":"2022-10-07T05:49:31.761Z","correlation_id":"01GERFVR0XJN0ZF87F0F68TKGP","message":"Account Locked: username=lin"}
{"severity":"INFO","time":"2022-10-07T05:49:32.123Z","correlation_id":"01GERFVR0XJN0ZF87F0F68TKGP","message":"Failed Login: username=lin ip=118.21.158.208"}
{"severity":"INFO","time":"2022-10-07T05:49:34.991Z","correlation_id":"01GERFVV8D21SQYE8B14E3A9HJ","message":"Failed Login: username=rin.weitong ip=118.21.158.208"}
{"severity":"INFO","time":"2022-10-07T05:56:20.042Z","correlation_id":null,"message":"Syncing dynamic postgres partitions"}
{"severity":"DEBUG","time":"2022-10-07T05:56:20.044Z","correlation_id":null,"message":"Switched database connection","connection_name":"main"}
{"severity":"INFO","time":"2022-10-07T05:56:20.091Z","correlation_id":null,"message":"Checking state of dynamic postgres partitions","table_name":"audit_events","connection_name":"main"}
{"severity":"DEBUG","time":"2022-10-07T05:56:20.135Z","correlation_id":null,"message":"Switched database connection","connection_name":"main"}
{"severity":"INFO","time":"2022-10-07T05:56:20.140Z","correlation_id":null,"message":"Checking state of dynamic postgres partitions","table_name":"web_hook_logs","connection_name":"main"}
{"severity":"DEBUG","time":"2022-10-07T05:56:20.172Z","correlation_id":null,"message":"Switched database connection","connection_name":"main"}
{"severity":"INFO","time":"2022-10-07T05:56:20.178Z","correlation_id":null,"message":"Checking state of dynamic postgres partitions","table_name":"loose_foreign_keys_deleted_records","connection_name":"main"}
{"severity":"DEBUG","time":"2022-10-07T05:56:20.237Z","correlation_id":null,"message":"Switched database connection","connection_name":"main"}
{"severity":"INFO","time":"2022-10-07T05:56:20.243Z","correlation_id":null,"message":"Checking state of dynamic postgres partitions","table_name":"batched_background_migration_job_transition_logs","connection_name":"main"}
{"severity":"DEBUG","time":"2022-10-07T05:56:20.279Z","correlation_id":null,"message":"Switched database connection","connection_name":"main"}
{"severity":"INFO","time":"2022-10-07T05:56:20.284Z","correlation_id":null,"message":"Checking state of dynamic postgres partitions","table_name":"incident_management_pending_alert_escalations","connection_name":"main"}
{"severity":"DEBUG","time":"2022-10-07T05:56:20.317Z","correlation_id":null,"message":"Switched database connection","connection_name":"main"}
{"severity":"INFO","time":"2022-10-07T05:56:20.322Z","correlation_id":null,"message":"Checking state of dynamic postgres partitions","table_name":"incident_management_pending_issue_escalations","connection_name":"main"}
{"severity":"DEBUG","time":"2022-10-07T05:56:20.356Z","correlation_id":null,"message":"Switched database connection","connection_name":"main"}
{"severity":"INFO","time":"2022-10-07T05:56:20.362Z","correlation_id":null,"message":"Checking state of dynamic postgres partitions","table_name":"security_findings","connection_name":"main"}
{"severity":"DEBUG","time":"2022-10-07T05:56:20.405Z","correlation_id":null,"message":"Switched database connection","connection_name":"main"}
{"severity":"INFO","time":"2022-10-07T05:56:20.410Z","correlation_id":null,"message":"Checking state of dynamic postgres partitions","table_name":"verification_codes","connection_name":"main"}
{"severity":"DEBUG","time":"2022-10-07T05:56:20.442Z","correlation_id":null,"message":"Switched database connection","connection_name":"main"}
{"severity":"DEBUG","time":"2022-10-07T05:56:20.443Z","correlation_id":null,"message":"Switched database connection","connection_name":"main"}
{"severity":"DEBUG","time":"2022-10-07T05:56:20.444Z","correlation_id":null,"message":"Switched database connection","connection_name":"main"}
{"severity":"DEBUG","time":"2022-10-07T05:56:20.444Z","correlation_id":null,"message":"Switched database connection","connection_name":"main"}
{"severity":"DEBUG","time":"2022-10-07T05:56:20.445Z","correlation_id":null,"message":"Switched database connection","connection_name":"main"}
{"severity":"DEBUG","time":"2022-10-07T05:56:20.446Z","correlation_id":null,"message":"Switched database connection","connection_name":"main"}
{"severity":"INFO","time":"2022-10-07T05:56:20.446Z","correlation_id":null,"message":"Finished sync of dynamic postgres partitions"}
{"severity":"INFO","time":"2022-10-07T05:56:27.530Z","correlation_id":null,"message":"Syncing dynamic postgres partitions"}
{"severity":"DEBUG","time":"2022-10-07T05:56:27.532Z","correlation_id":null,"message":"Switched database connection","connection_name":"main"}
{"severity":"INFO","time":"2022-10-07T05:56:27.580Z","correlation_id":null,"message":"Checking state of dynamic postgres partitions","table_name":"audit_events","connection_name":"main"}
{"severity":"DEBUG","time":"2022-10-07T05:56:27.625Z","correlation_id":null,"message":"Switched database connection","connection_name":"main"}
{"severity":"INFO","time":"2022-10-07T05:56:27.630Z","correlation_id":null,"message":"Checking state of dynamic postgres partitions","table_name":"web_hook_logs","connection_name":"main"}
{"severity":"DEBUG","time":"2022-10-07T05:56:27.661Z","correlation_id":null,"message":"Switched database connection","connection_name":"main"}
{"severity":"INFO","time":"2022-10-07T05:56:27.667Z","correlation_id":null,"message":"Checking state of dynamic postgres partitions","table_name":"loose_foreign_keys_deleted_records","connection_name":"main"}
{"severity":"DEBUG","time":"2022-10-07T05:56:27.726Z","correlation_id":null,"message":"Switched database connection","connection_name":"main"}
{"severity":"INFO","time":"2022-10-07T05:56:27.732Z","correlation_id":null,"message":"Checking state of dynamic postgres partitions","table_name":"batched_background_migration_job_transition_logs","connection_name":"main"}
{"severity":"DEBUG","time":"2022-10-07T05:56:27.766Z","correlation_id":null,"message":"Switched database connection","connection_name":"main"}
{"severity":"INFO","time":"2022-10-07T05:56:27.772Z","correlation_id":null,"message":"Checking state of dynamic postgres partitions","table_name":"incident_management_pending_alert_escalations","connection_name":"main"}
{"severity":"DEBUG","time":"2022-10-07T05:56:27.803Z","correlation_id":null,"message":"Switched database connection","connection_name":"main"}
{"severity":"INFO","time":"2022-10-07T05:56:27.809Z","correlation_id":null,"message":"Checking state of dynamic postgres partitions","table_name":"incident_management_pending_issue_escalations","connection_name":"main"}
{"severity":"DEBUG","time":"2022-10-07T05:56:27.842Z","correlation_id":null,"message":"Switched database connection","connection_name":"main"}
{"severity":"INFO","time":"2022-10-07T05:56:27.847Z","correlation_id":null,"message":"Checking state of dynamic postgres partitions","table_name":"security_findings","connection_name":"main"}
{"severity":"DEBUG","time":"2022-10-07T05:56:27.890Z","correlation_id":null,"message":"Switched database connection","connection_name":"main"}
{"severity":"INFO","time":"2022-10-07T05:56:27.896Z","correlation_id":null,"message":"Checking state of dynamic postgres partitions","table_name":"verification_codes","connection_name":"main"}
{"severity":"DEBUG","time":"2022-10-07T05:56:27.929Z","correlation_id":null,"message":"Switched database connection","connection_name":"main"}
{"severity":"DEBUG","time":"2022-10-07T05:56:27.929Z","correlation_id":null,"message":"Switched database connection","connection_name":"main"}
{"severity":"DEBUG","time":"2022-10-07T05:56:27.930Z","correlation_id":null,"message":"Switched database connection","connection_name":"main"}
{"severity":"DEBUG","time":"2022-10-07T05:56:27.930Z","correlation_id":null,"message":"Switched database connection","connection_name":"main"}
{"severity":"DEBUG","time":"2022-10-07T05:56:27.939Z","correlation_id":null,"message":"Switched database connection","connection_name":"main"}
{"severity":"DEBUG","time":"2022-10-07T05:56:27.939Z","correlation_id":null,"message":"Switched database connection","connection_name":"main"}
{"severity":"INFO","time":"2022-10-07T05:56:27.940Z","correlation_id":null,"message":"Finished sync of dynamic postgres partitions"}
{"severity":"INFO","time":"2022-10-07T05:56:47.780Z","correlation_id":null,"message":"Application boot finished","runtime":"sidekiq","duration_s":45.5338561880053}
{"severity":"DEBUG","time":"2022-10-07T05:57:01.350Z","correlation_id":null,"message":"ActiveRecord connections disconnected"}
{"severity":"INFO","time":"2022-10-07T05:57:01.351Z","correlation_id":null,"message":"Application boot finished","runtime":"puma","duration_s":66.98495317198103}
{"severity":"DEBUG","time":"2022-10-07T05:57:02.250Z","correlation_id":null,"message":"ActiveRecord connection established"}
{"severity":"DEBUG","time":"2022-10-07T05:57:02.462Z","correlation_id":null,"message":"ActiveRecord connection established"}
{"severity":"DEBUG","time":"2022-10-07T05:57:02.512Z","correlation_id":null,"message":"ActiveRecord connection established"}
{"severity":"DEBUG","time":"2022-10-07T05:57:02.570Z","correlation_id":null,"message":"ActiveRecord connection established"}
{"severity":"DEBUG","time":"2022-10-07T05:57:02.756Z","correlation_id":null,"message":"ActiveRecord connection established"}
{"severity":"INFO","time":"2022-10-07T05:57:05.068Z","correlation_id":null,"message":"Syncing dynamic postgres partitions"}
{"severity":"DEBUG","time":"2022-10-07T05:57:05.069Z","correlation_id":null,"message":"Switched database connection","connection_name":"main"}
{"severity":"INFO","time":"2022-10-07T05:57:05.100Z","correlation_id":null,"message":"Checking state of dynamic postgres partitions","table_name":"audit_events","connection_name":"main"}
{"severity":"DEBUG","time":"2022-10-07T05:57:05.140Z","correlation_id":null,"message":"Switched database connection","connection_name":"main"}
{"severity":"INFO","time":"2022-10-07T05:57:05.145Z","correlation_id":null,"message":"Checking state of dynamic postgres partitions","table_name":"web_hook_logs","connection_name":"main"}
{"severity":"DEBUG","time":"2022-10-07T05:57:05.174Z","correlation_id":null,"message":"Switched database connection","connection_name":"main"}
{"severity":"INFO","time":"2022-10-07T05:57:05.179Z","correlation_id":null,"message":"Checking state of dynamic postgres partitions","table_name":"loose_foreign_keys_deleted_records","connection_name":"main"}
{"severity":"DEBUG","time":"2022-10-07T05:57:05.236Z","correlation_id":null,"message":"Switched database connection","connection_name":"main"}
{"severity":"INFO","time":"2022-10-07T05:57:05.241Z","correlation_id":null,"message":"Checking state of dynamic postgres partitions","table_name":"batched_background_migration_job_transition_logs","connection_name":"main"}
{"severity":"DEBUG","time":"2022-10-07T05:57:05.273Z","correlation_id":null,"message":"Switched database connection","connection_name":"main"}
{"severity":"INFO","time":"2022-10-07T05:57:05.278Z","correlation_id":null,"message":"Checking state of dynamic postgres partitions","table_name":"incident_management_pending_alert_escalations","connection_name":"main"}
{"severity":"DEBUG","time":"2022-10-07T05:57:05.306Z","correlation_id":null,"message":"Switched database connection","connection_name":"main"}
{"severity":"INFO","time":"2022-10-07T05:57:05.311Z","correlation_id":null,"message":"Checking state of dynamic postgres partitions","table_name":"incident_management_pending_issue_escalations","connection_name":"main"}
{"severity":"DEBUG","time":"2022-10-07T05:57:05.339Z","correlation_id":null,"message":"Switched database connection","connection_name":"main"}
{"severity":"INFO","time":"2022-10-07T05:57:05.344Z","correlation_id":null,"message":"Checking state of dynamic postgres partitions","table_name":"security_findings","connection_name":"main"}
{"severity":"DEBUG","time":"2022-10-07T05:57:05.385Z","correlation_id":null,"message":"Switched database connection","connection_name":"main"}
{"severity":"INFO","time":"2022-10-07T05:57:05.390Z","correlation_id":null,"message":"Checking state of dynamic postgres partitions","table_name":"verification_codes","connection_name":"main"}
{"severity":"DEBUG","time":"2022-10-07T05:57:05.418Z","correlation_id":null,"message":"Switched database connection","connection_name":"main"}
{"severity":"DEBUG","time":"2022-10-07T05:57:05.418Z","correlation_id":null,"message":"Switched database connection","connection_name":"main"}
{"severity":"DEBUG","time":"2022-10-07T05:57:05.418Z","correlation_id":null,"message":"Switched database connection","connection_name":"main"}
{"severity":"DEBUG","time":"2022-10-07T05:57:05.419Z","correlation_id":null,"message":"Switched database connection","connection_name":"main"}
{"severity":"DEBUG","time":"2022-10-07T05:57:05.419Z","correlation_id":null,"message":"Switched database connection","connection_name":"main"}
{"severity":"DEBUG","time":"2022-10-07T05:57:05.420Z","correlation_id":null,"message":"Switched database connection","connection_name":"main"}
{"severity":"INFO","time":"2022-10-07T05:57:05.420Z","correlation_id":null,"message":"Finished sync of dynamic postgres partitions"}
{"severity":"DEBUG","time":"2022-10-07T05:57:35.959Z","correlation_id":null,"message":"ActiveRecord connection established"}
{"severity":"INFO","time":"2022-10-07T05:57:38.249Z","correlation_id":null,"message":"Syncing dynamic postgres partitions"}
{"severity":"DEBUG","time":"2022-10-07T05:57:38.250Z","correlation_id":null,"message":"Switched database connection","connection_name":"main"}
{"severity":"INFO","time":"2022-10-07T05:57:38.281Z","correlation_id":null,"message":"Checking state of dynamic postgres partitions","table_name":"audit_events","connection_name":"main"}
{"severity":"DEBUG","time":"2022-10-07T05:57:38.321Z","correlation_id":null,"message":"Switched database connection","connection_name":"main"}
{"severity":"INFO","time":"2022-10-07T05:57:38.326Z","correlation_id":null,"message":"Checking state of dynamic postgres partitions","table_name":"web_hook_logs","connection_name":"main"}
{"severity":"DEBUG","time":"2022-10-07T05:57:38.355Z","correlation_id":null,"message":"Switched database connection","connection_name":"main"}
{"severity":"INFO","time":"2022-10-07T05:57:38.360Z","correlation_id":null,"message":"Checking state of dynamic postgres partitions","table_name":"loose_foreign_keys_deleted_records","connection_name":"main"}
{"severity":"DEBUG","time":"2022-10-07T05:57:38.416Z","correlation_id":null,"message":"Switched database connection","connection_name":"main"}
{"severity":"INFO","time":"2022-10-07T05:57:38.421Z","correlation_id":null,"message":"Checking state of dynamic postgres partitions","table_name":"batched_background_migration_job_transition_logs","connection_name":"main"}
{"severity":"DEBUG","time":"2022-10-07T05:57:38.452Z","correlation_id":null,"message":"Switched database connection","connection_name":"main"}
{"severity":"INFO","time":"2022-10-07T05:57:38.457Z","correlation_id":null,"message":"Checking state of dynamic postgres partitions","table_name":"incident_management_pending_alert_escalations","connection_name":"main"}
{"severity":"DEBUG","time":"2022-10-07T05:57:38.486Z","correlation_id":null,"message":"Switched database connection","connection_name":"main"}
{"severity":"INFO","time":"2022-10-07T05:57:38.491Z","correlation_id":null,"message":"Checking state of dynamic postgres partitions","table_name":"incident_management_pending_issue_escalations","connection_name":"main"}
{"severity":"DEBUG","time":"2022-10-07T05:57:38.519Z","correlation_id":null,"message":"Switched database connection","connection_name":"main"}
{"severity":"INFO","time":"2022-10-07T05:57:38.524Z","correlation_id":null,"message":"Checking state of dynamic postgres partitions","table_name":"security_findings","connection_name":"main"}
{"severity":"DEBUG","time":"2022-10-07T05:57:38.564Z","correlation_id":null,"message":"Switched database connection","connection_name":"main"}
{"severity":"INFO","time":"2022-10-07T05:57:38.569Z","correlation_id":null,"message":"Checking state of dynamic postgres partitions","table_name":"verification_codes","connection_name":"main"}
{"severity":"DEBUG","time":"2022-10-07T05:57:38.597Z","correlation_id":null,"message":"Switched database connection","connection_name":"main"}
{"severity":"DEBUG","time":"2022-10-07T05:57:38.597Z","correlation_id":null,"message":"Switched database connection","connection_name":"main"}
{"severity":"DEBUG","time":"2022-10-07T05:57:38.598Z","correlation_id":null,"message":"Switched database connection","connection_name":"main"}
{"severity":"DEBUG","time":"2022-10-07T05:57:38.598Z","correlation_id":null,"message":"Switched database connection","connection_name":"main"}
{"severity":"DEBUG","time":"2022-10-07T05:57:38.599Z","correlation_id":null,"message":"Switched database connection","connection_name":"main"}
{"severity":"DEBUG","time":"2022-10-07T05:57:38.599Z","correlation_id":null,"message":"Switched database connection","connection_name":"main"}
{"severity":"INFO","time":"2022-10-07T05:57:38.599Z","correlation_id":null,"message":"Finished sync of dynamic postgres partitions"}
{"severity":"INFO","time":"2022-10-07T05:58:26.213Z","correlation_id":"83a8c7420c1fc794fa797c2297a6c3d5","message":"Updating statistics for project 2"}
{"severity":"INFO","time":"2022-10-07T05:58:26.217Z","correlation_id":"2115451b59b3fbe504ed24e1450e368c","message":"Updating statistics for project 2"}
{"severity":"ERROR","time":"2022-10-07T05:58:26.529Z","correlation_id":"83a8c7420c1fc794fa797c2297a6c3d5","message":"Cannot obtain an exclusive lease for namespace:namespaces_root_statistics:2. There must be another instance already in execution."}
{"severity":"INFO","time":"2022-10-07T05:58:51.892Z","correlation_id":"01GERGCTQZZHWDQ3GHZFSMQMFS","message":"Failed Login: username=lin ip=118.21.158.208"}
{"severity":"DEBUG","time":"2022-10-07T05:58:56.285Z","correlation_id":"01GERGCZF7HG7VFEMAJDR5M7AT","message":"(ldapmain) Callback phase initiated."}
{"severity":"ERROR","time":"2022-10-07T05:58:56.298Z","correlation_id":"01GERGCZF7HG7VFEMAJDR5M7AT","message":"(ldapmain) Authentication failure! invalid_credentials: OmniAuth::Strategies::LDAP::InvalidCredentialsError, Invalid credentials for lin"}
{"severity":"INFO","time":"2022-10-07T06:00:22.855Z","correlation_id":"3880d4f913f7f85608a966a169db0e0e","message":"Ci::StuckBuilds::DropPendingService: Cleaning pending timed-out builds"}
{"severity":"INFO","time":"2022-10-07T06:07:11.275Z","correlation_id":null,"message":"Syncing dynamic postgres partitions"}
{"severity":"DEBUG","time":"2022-10-07T06:07:11.276Z","correlation_id":null,"message":"Switched database connection","connection_name":"main"}
{"severity":"INFO","time":"2022-10-07T06:07:11.322Z","correlation_id":null,"message":"Checking state of dynamic postgres partitions","table_name":"audit_events","connection_name":"main"}
{"severity":"DEBUG","time":"2022-10-07T06:07:11.366Z","correlation_id":null,"message":"Switched database connection","connection_name":"main"}
{"severity":"INFO","time":"2022-10-07T06:07:11.373Z","correlation_id":null,"message":"Checking state of dynamic postgres partitions","table_name":"web_hook_logs","connection_name":"main"}
{"severity":"DEBUG","time":"2022-10-07T06:07:11.405Z","correlation_id":null,"message":"Switched database connection","connection_name":"main"}
{"severity":"INFO","time":"2022-10-07T06:07:11.411Z","correlation_id":null,"message":"Checking state of dynamic postgres partitions","table_name":"loose_foreign_keys_deleted_records","connection_name":"main"}
{"severity":"DEBUG","time":"2022-10-07T06:07:11.471Z","correlation_id":null,"message":"Switched database connection","connection_name":"main"}
{"severity":"INFO","time":"2022-10-07T06:07:11.476Z","correlation_id":null,"message":"Checking state of dynamic postgres partitions","table_name":"batched_background_migration_job_transition_logs","connection_name":"main"}
{"severity":"DEBUG","time":"2022-10-07T06:07:11.513Z","correlation_id":null,"message":"Switched database connection","connection_name":"main"}
{"severity":"INFO","time":"2022-10-07T06:07:11.518Z","correlation_id":null,"message":"Checking state of dynamic postgres partitions","table_name":"incident_management_pending_alert_escalations","connection_name":"main"}
{"severity":"DEBUG","time":"2022-10-07T06:07:11.551Z","correlation_id":null,"message":"Switched database connection","connection_name":"main"}
{"severity":"INFO","time":"2022-10-07T06:07:11.556Z","correlation_id":null,"message":"Checking state of dynamic postgres partitions","table_name":"incident_management_pending_issue_escalations","connection_name":"main"}
{"severity":"DEBUG","time":"2022-10-07T06:07:11.590Z","correlation_id":null,"message":"Switched database connection","connection_name":"main"}
{"severity":"INFO","time":"2022-10-07T06:07:11.596Z","correlation_id":null,"message":"Checking state of dynamic postgres partitions","table_name":"security_findings","connection_name":"main"}
{"severity":"DEBUG","time":"2022-10-07T06:07:11.639Z","correlation_id":null,"message":"Switched database connection","connection_name":"main"}
{"severity":"INFO","time":"2022-10-07T06:07:11.645Z","correlation_id":null,"message":"Checking state of dynamic postgres partitions","table_name":"verification_codes","connection_name":"main"}
{"severity":"DEBUG","time":"2022-10-07T06:07:11.676Z","correlation_id":null,"message":"Switched database connection","connection_name":"main"}
{"severity":"DEBUG","time":"2022-10-07T06:07:11.677Z","correlation_id":null,"message":"Switched database connection","connection_name":"main"}
{"severity":"DEBUG","time":"2022-10-07T06:07:11.678Z","correlation_id":null,"message":"Switched database connection","connection_name":"main"}
{"severity":"DEBUG","time":"2022-10-07T06:07:11.678Z","correlation_id":null,"message":"Switched database connection","connection_name":"main"}
{"severity":"DEBUG","time":"2022-10-07T06:07:11.679Z","correlation_id":null,"message":"Switched database connection","connection_name":"main"}
{"severity":"DEBUG","time":"2022-10-07T06:07:11.679Z","correlation_id":null,"message":"Switched database connection","connection_name":"main"}
{"severity":"INFO","time":"2022-10-07T06:07:11.680Z","correlation_id":null,"message":"Finished sync of dynamic postgres partitions"}
{"severity":"INFO","time":"2022-10-07T06:07:19.077Z","correlation_id":null,"message":"Syncing dynamic postgres partitions"}
{"severity":"DEBUG","time":"2022-10-07T06:07:19.079Z","correlation_id":null,"message":"Switched database connection","connection_name":"main"}
{"severity":"INFO","time":"2022-10-07T06:07:19.127Z","correlation_id":null,"message":"Checking state of dynamic postgres partitions","table_name":"audit_events","connection_name":"main"}
{"severity":"DEBUG","time":"2022-10-07T06:07:19.171Z","correlation_id":null,"message":"Switched database connection","connection_name":"main"}
{"severity":"INFO","time":"2022-10-07T06:07:19.177Z","correlation_id":null,"message":"Checking state of dynamic postgres partitions","table_name":"web_hook_logs","connection_name":"main"}
{"severity":"DEBUG","time":"2022-10-07T06:07:19.207Z","correlation_id":null,"message":"Switched database connection","connection_name":"main"}
{"severity":"INFO","time":"2022-10-07T06:07:19.213Z","correlation_id":null,"message":"Checking state of dynamic postgres partitions","table_name":"loose_foreign_keys_deleted_records","connection_name":"main"}
{"severity":"DEBUG","time":"2022-10-07T06:07:19.272Z","correlation_id":null,"message":"Switched database connection","connection_name":"main"}
{"severity":"INFO","time":"2022-10-07T06:07:19.277Z","correlation_id":null,"message":"Checking state of dynamic postgres partitions","table_name":"batched_background_migration_job_transition_logs","connection_name":"main"}
{"severity":"DEBUG","time":"2022-10-07T06:07:19.312Z","correlation_id":null,"message":"Switched database connection","connection_name":"main"}
{"severity":"INFO","time":"2022-10-07T06:07:19.317Z","correlation_id":null,"message":"Checking state of dynamic postgres partitions","table_name":"incident_management_pending_alert_escalations","connection_name":"main"}
{"severity":"DEBUG","time":"2022-10-07T06:07:19.348Z","correlation_id":null,"message":"Switched database connection","connection_name":"main"}
{"severity":"INFO","time":"2022-10-07T06:07:19.353Z","correlation_id":null,"message":"Checking state of dynamic postgres partitions","table_name":"incident_management_pending_issue_escalations","connection_name":"main"}
{"severity":"DEBUG","time":"2022-10-07T06:07:19.385Z","correlation_id":null,"message":"Switched database connection","connection_name":"main"}
{"severity":"INFO","time":"2022-10-07T06:07:19.390Z","correlation_id":null,"message":"Checking state of dynamic postgres partitions","table_name":"security_findings","connection_name":"main"}
{"severity":"DEBUG","time":"2022-10-07T06:07:19.433Z","correlation_id":null,"message":"Switched database connection","connection_name":"main"}
{"severity":"INFO","time":"2022-10-07T06:07:19.439Z","correlation_id":null,"message":"Checking state of dynamic postgres partitions","table_name":"verification_codes","connection_name":"main"}
{"severity":"DEBUG","time":"2022-10-07T06:07:19.471Z","correlation_id":null,"message":"Switched database connection","connection_name":"main"}
{"severity":"DEBUG","time":"2022-10-07T06:07:19.472Z","correlation_id":null,"message":"Switched database connection","connection_name":"main"}
{"severity":"DEBUG","time":"2022-10-07T06:07:19.472Z","correlation_id":null,"message":"Switched database connection","connection_name":"main"}
{"severity":"DEBUG","time":"2022-10-07T06:07:19.473Z","correlation_id":null,"message":"Switched database connection","connection_name":"main"}
{"severity":"DEBUG","time":"2022-10-07T06:07:19.480Z","correlation_id":null,"message":"Switched database connection","connection_name":"main"}
{"severity":"DEBUG","time":"2022-10-07T06:07:19.480Z","correlation_id":null,"message":"Switched database connection","connection_name":"main"}
{"severity":"INFO","time":"2022-10-07T06:07:19.481Z","correlation_id":null,"message":"Finished sync of dynamic postgres partitions"}
{"severity":"INFO","time":"2022-10-07T06:07:39.129Z","correlation_id":null,"message":"Application boot finished","runtime":"sidekiq","duration_s":45.50295318197459}
{"severity":"DEBUG","time":"2022-10-07T06:07:52.466Z","correlation_id":null,"message":"ActiveRecord connections disconnected"}
{"severity":"INFO","time":"2022-10-07T06:07:52.467Z","correlation_id":null,"message":"Application boot finished","runtime":"puma","duration_s":66.710625918}
{"severity":"DEBUG","time":"2022-10-07T06:07:53.409Z","correlation_id":null,"message":"ActiveRecord connection established"}
{"severity":"DEBUG","time":"2022-10-07T06:07:53.495Z","correlation_id":null,"message":"ActiveRecord connection established"}
{"severity":"DEBUG","time":"2022-10-07T06:07:53.500Z","correlation_id":null,"message":"ActiveRecord connection established"}
{"severity":"DEBUG","time":"2022-10-07T06:07:53.625Z","correlation_id":null,"message":"ActiveRecord connection established"}
{"severity":"DEBUG","time":"2022-10-07T06:07:54.282Z","correlation_id":null,"message":"ActiveRecord connection established"}
{"severity":"INFO","time":"2022-10-07T06:07:56.608Z","correlation_id":null,"message":"Syncing dynamic postgres partitions"}
{"severity":"DEBUG","time":"2022-10-07T06:07:56.609Z","correlation_id":null,"message":"Switched database connection","connection_name":"main"}
{"severity":"INFO","time":"2022-10-07T06:07:56.640Z","correlation_id":null,"message":"Checking state of dynamic postgres partitions","table_name":"audit_events","connection_name":"main"}
{"severity":"DEBUG","time":"2022-10-07T06:07:56.679Z","correlation_id":null,"message":"Switched database connection","connection_name":"main"}
{"severity":"INFO","time":"2022-10-07T06:07:56.684Z","correlation_id":null,"message":"Checking state of dynamic postgres partitions","table_name":"web_hook_logs","connection_name":"main"}
{"severity":"DEBUG","time":"2022-10-07T06:07:56.713Z","correlation_id":null,"message":"Switched database connection","connection_name":"main"}
{"severity":"INFO","time":"2022-10-07T06:07:56.718Z","correlation_id":null,"message":"Checking state of dynamic postgres partitions","table_name":"loose_foreign_keys_deleted_records","connection_name":"main"}
{"severity":"DEBUG","time":"2022-10-07T06:07:56.774Z","correlation_id":null,"message":"Switched database connection","connection_name":"main"}
{"severity":"INFO","time":"2022-10-07T06:07:56.779Z","correlation_id":null,"message":"Checking state of dynamic postgres partitions","table_name":"batched_background_migration_job_transition_logs","connection_name":"main"}
{"severity":"DEBUG","time":"2022-10-07T06:07:56.810Z","correlation_id":null,"message":"Switched database connection","connection_name":"main"}
{"severity":"INFO","time":"2022-10-07T06:07:56.815Z","correlation_id":null,"message":"Checking state of dynamic postgres partitions","table_name":"incident_management_pending_alert_escalations","connection_name":"main"}
{"severity":"DEBUG","time":"2022-10-07T06:07:56.843Z","correlation_id":null,"message":"Switched database connection","connection_name":"main"}
{"severity":"INFO","time":"2022-10-07T06:07:56.848Z","correlation_id":null,"message":"Checking state of dynamic postgres partitions","table_name":"incident_management_pending_issue_escalations","connection_name":"main"}
{"severity":"DEBUG","time":"2022-10-07T06:07:56.876Z","correlation_id":null,"message":"Switched database connection","connection_name":"main"}
{"severity":"INFO","time":"2022-10-07T06:07:56.881Z","correlation_id":null,"message":"Checking state of dynamic postgres partitions","table_name":"security_findings","connection_name":"main"}
{"severity":"DEBUG","time":"2022-10-07T06:07:56.922Z","correlation_id":null,"message":"Switched database connection","connection_name":"main"}
{"severity":"INFO","time":"2022-10-07T06:07:56.927Z","correlation_id":null,"message":"Checking state of dynamic postgres partitions","table_name":"verification_codes","connection_name":"main"}
{"severity":"DEBUG","time":"2022-10-07T06:07:56.956Z","correlation_id":null,"message":"Switched database connection","connection_name":"main"}
{"severity":"DEBUG","time":"2022-10-07T06:07:56.956Z","correlation_id":null,"message":"Switched database connection","connection_name":"main"}
{"severity":"DEBUG","time":"2022-10-07T06:07:56.957Z","correlation_id":null,"message":"Switched database connection","connection_name":"main"}
{"severity":"DEBUG","time":"2022-10-07T06:07:56.957Z","correlation_id":null,"message":"Switched database connection","connection_name":"main"}
{"severity":"DEBUG","time":"2022-10-07T06:07:56.957Z","correlation_id":null,"message":"Switched database connection","connection_name":"main"}
{"severity":"DEBUG","time":"2022-10-07T06:07:56.958Z","correlation_id":null,"message":"Switched database connection","connection_name":"main"}
{"severity":"INFO","time":"2022-10-07T06:07:56.958Z","correlation_id":null,"message":"Finished sync of dynamic postgres partitions"}
{"severity":"DEBUG","time":"2022-10-07T06:08:27.734Z","correlation_id":null,"message":"ActiveRecord connection established"}
{"severity":"INFO","time":"2022-10-07T06:08:30.027Z","correlation_id":null,"message":"Syncing dynamic postgres partitions"}
{"severity":"DEBUG","time":"2022-10-07T06:08:30.028Z","correlation_id":null,"message":"Switched database connection","connection_name":"main"}
{"severity":"INFO","time":"2022-10-07T06:08:30.058Z","correlation_id":null,"message":"Checking state of dynamic postgres partitions","table_name":"audit_events","connection_name":"main"}
{"severity":"DEBUG","time":"2022-10-07T06:08:30.098Z","correlation_id":null,"message":"Switched database connection","connection_name":"main"}
{"severity":"INFO","time":"2022-10-07T06:08:30.103Z","correlation_id":null,"message":"Checking state of dynamic postgres partitions","table_name":"web_hook_logs","connection_name":"main"}
{"severity":"DEBUG","time":"2022-10-07T06:08:30.132Z","correlation_id":null,"message":"Switched database connection","connection_name":"main"}
{"severity":"INFO","time":"2022-10-07T06:08:30.137Z","correlation_id":null,"message":"Checking state of dynamic postgres partitions","table_name":"loose_foreign_keys_deleted_records","connection_name":"main"}
{"severity":"DEBUG","time":"2022-10-07T06:08:30.193Z","correlation_id":null,"message":"Switched database connection","connection_name":"main"}
{"severity":"INFO","time":"2022-10-07T06:08:30.198Z","correlation_id":null,"message":"Checking state of dynamic postgres partitions","table_name":"batched_background_migration_job_transition_logs","connection_name":"main"}
{"severity":"DEBUG","time":"2022-10-07T06:08:30.229Z","correlation_id":null,"message":"Switched database connection","connection_name":"main"}
{"severity":"INFO","time":"2022-10-07T06:08:30.234Z","correlation_id":null,"message":"Checking state of dynamic postgres partitions","table_name":"incident_management_pending_alert_escalations","connection_name":"main"}
{"severity":"DEBUG","time":"2022-10-07T06:08:30.263Z","correlation_id":null,"message":"Switched database connection","connection_name":"main"}
{"severity":"INFO","time":"2022-10-07T06:08:30.268Z","correlation_id":null,"message":"Checking state of dynamic postgres partitions","table_name":"incident_management_pending_issue_escalations","connection_name":"main"}
{"severity":"DEBUG","time":"2022-10-07T06:08:30.296Z","correlation_id":null,"message":"Switched database connection","connection_name":"main"}
{"severity":"INFO","time":"2022-10-07T06:08:30.300Z","correlation_id":null,"message":"Checking state of dynamic postgres partitions","table_name":"security_findings","connection_name":"main"}
{"severity":"DEBUG","time":"2022-10-07T06:08:30.341Z","correlation_id":null,"message":"Switched database connection","connection_name":"main"}
{"severity":"INFO","time":"2022-10-07T06:08:30.346Z","correlation_id":null,"message":"Checking state of dynamic postgres partitions","table_name":"verification_codes","connection_name":"main"}
{"severity":"DEBUG","time":"2022-10-07T06:08:30.374Z","correlation_id":null,"message":"Switched database connection","connection_name":"main"}
{"severity":"DEBUG","time":"2022-10-07T06:08:30.374Z","correlation_id":null,"message":"Switched database connection","connection_name":"main"}
{"severity":"DEBUG","time":"2022-10-07T06:08:30.374Z","correlation_id":null,"message":"Switched database connection","connection_name":"main"}
{"severity":"DEBUG","time":"2022-10-07T06:08:30.375Z","correlation_id":null,"message":"Switched database connection","connection_name":"main"}
{"severity":"DEBUG","time":"2022-10-07T06:08:30.375Z","correlation_id":null,"message":"Switched database connection","connection_name":"main"}
{"severity":"DEBUG","time":"2022-10-07T06:08:30.376Z","correlation_id":null,"message":"Switched database connection","connection_name":"main"}
{"severity":"INFO","time":"2022-10-07T06:08:30.376Z","correlation_id":null,"message":"Finished sync of dynamic postgres partitions"}
{"severity":"DEBUG","time":"2022-10-07T06:11:34.858Z","correlation_id":"01GERH449C7FEM95ZRYHD68BMX","message":"(ldapmain) Callback phase initiated."}
{"severity":"DEBUG","time":"2022-10-07T06:11:35.045Z","correlation_id":"01GERH449C7FEM95ZRYHD68BMX","message":"Instantiating Gitlab::Auth::Ldap::Person with LDIF:\ndn: cn=lin,ou=adminuser,dc=rinrin,dc=net\ncn: lin\ngivenname: lin\nmemberof: CN=SliverBakeryGroup,OU=Group,DC=rinrin,DC=net\nmemberof: CN=AdminGroup,OU=Group,DC=rinrin,DC=net\nsamaccountname: lin\nuserprincipalname: lin@rinrin.net\n"}
{"severity":"INFO","time":"2022-10-07T06:12:04.638Z","correlation_id":"01GERH50EBWWW4N8EQ5BM2H1ND","message":"lin created a new project \"lin / test\""}
{"severity":"INFO","time":"2022-10-07T06:12:05.208Z","correlation_id":"01GERH51TY5DNPC1XA66BANN1R","message":"Updating statistics for project 3"}
{"severity":"INFO","time":"2022-10-07T06:12:05.589Z","correlation_id":"01GERH51TY5DNPC1XA66BANN1R","message":"Updating statistics for project 3"}
{"severity":"INFO","time":"2022-10-07T06:15:52.864Z","correlation_id":"01GERHC05E93G039KM8RB0K71C","message":"Adding key (key-2): ssh-rsa AAAAB3NzaC1yc2EAAAADAQABAAABgQCy2t+Sbm+J7F04wUbobHjfkAc49pQDm3bVVFd/Mz+5kF9iEkFHyP62RL5Sk4t6HWlSf5DWCVs/JuIKnZoBpQGYEBrXZ5yvFjfBbAf6t95lje/0d2Xt03RpZ3bSgPzT4QKPuNI4Sybfw24GedsitG6FIiUT0wVOsD/wtJ/5pqTVkgd8oc6LWLsAmnuqPW0fV41vc9tYUoLG80jEojpifUWRZlazsWVBya0m0vbx5gj2UF1TnUOKxCfX+ohyk4a49DHGZjAB7xYTX1DHsuqnRTQo6uIsKCLECctYn5IBYDJNPrsf19/vadry6jnAP9o0ayLSL7aHVJhJsC7q2S1xEEeovngdrGfSegLRXwDAfnSu5w+qtPUWBWOLKOHnooIHde/IvM8UFvoS6RQn1jl8W0TnPIYRl+HqP1i66M2VxKErcCYvwMHfnTlO8j/desZ+O2Ifp9OJal0F/70sdOvK0yfsy/Bywxb1q47vbWrjnvDWpna7ijWLgXwTI7jdRvnJ9i0="}
{"severity":"INFO","time":"2022-10-07T06:20:24.596Z","correlation_id":"ca65cbfb081a56bbb5605d435492f600","message":"Ci::StuckBuilds::DropRunningService: Cleaning running, timed-out builds"}
{"severity":"INFO","time":"2022-10-07T06:23:42.031Z","correlation_id":"01GERHT9YJZ0FD5N8WYT444SS0","message":"lin created a new project \"lin / testt\""}
{"severity":"INFO","time":"2022-10-07T06:23:42.490Z","correlation_id":"01GERHTAT2HR1XGKN2E5Z1SDNR","message":"Updating statistics for project 4"}
{"severity":"ERROR","time":"2022-10-07T06:23:42.586Z","correlation_id":"01GERHTAT2HR1XGKN2E5Z1SDNR","message":"Cannot obtain an exclusive lease for namespace:namespaces_root_statistics:4. There must be another instance already in execution."}
{"severity":"INFO","time":"2022-10-07T06:23:42.600Z","correlation_id":"01GERHTAT2HR1XGKN2E5Z1SDNR","message":"Updating statistics for project 4"}
{"severity":"INFO","time":"2022-10-07T06:27:06.845Z","correlation_id":"06569c9bdf0dd708be6705c3e6f5b6cb","message":"Updating statistics for project 3"}
{"severity":"INFO","time":"2022-10-07T06:27:06.851Z","correlation_id":"1f1b707d8580917e2b8edb2f7a9e6711","message":"Updating statistics for project 3"}
{"severity":"INFO","time":"2022-10-07T06:38:44.071Z","correlation_id":"2d503e349766d0d9694afb3528cd49a7","message":"Updating statistics for project 4"}
{"severity":"INFO","time":"2022-10-07T06:38:44.072Z","correlation_id":"63fbd303bfd8faa08bb86a82e024b1ba","message":"Updating statistics for project 4"}
{"severity":"INFO","time":"2022-10-07T06:40:28.543Z","correlation_id":"b1ad5fbb82266c89db92803523eeb28f","message":"Ci::StuckBuilds::DropScheduledService: Cleaning scheduled, timed-out builds"}
{"severity":"INFO","time":"2022-10-07T06:55:47.895Z","correlation_id":"01GERKN327QB271WY2JF92SJFS","message":"Updating statistics for project 4"}
{"severity":"INFO","time":"2022-10-07T07:00:12.623Z","correlation_id":"ea3924db7aed56dc64ac9493f0fbd6bf","message":"Ci::StuckBuilds::DropPendingService: Cleaning pending timed-out builds"}
{"severity":"INFO","time":"2022-10-07T07:10:48.329Z","correlation_id":"9db55333f2eb677bdf649fca31b85dae","message":"Updating statistics for project 4"}
{"severity":"INFO","time":"2022-10-07T07:20:16.944Z","correlation_id":"b0861c28ac7fb5b3cc99f5de4afbc5f9","message":"Ci::StuckBuilds::DropRunningService: Cleaning running, timed-out builds"}
{"severity":"INFO","time":"2022-10-07T07:40:13.863Z","correlation_id":"8f08d1c73bb4ee369129c0ede1b7bbd7","message":"Ci::StuckBuilds::DropScheduledService: Cleaning scheduled, timed-out builds"}
{"severity":"INFO","time":"2022-10-07T08:00:28.601Z","correlation_id":"7a0928c7296b40fb58d01ac19930c2da","message":"Ci::StuckBuilds::DropPendingService: Cleaning pending timed-out builds"}
{"severity":"INFO","time":"2022-10-07T08:20:30.293Z","correlation_id":"29dc364ecf929022db94e85ecb5c3b17","message":"Ci::StuckBuilds::DropRunningService: Cleaning running, timed-out builds"}
{"severity":"INFO","time":"2022-10-07T08:40:28.651Z","correlation_id":"bc23d04e9235925a4a9b03eab599cba5","message":"Ci::StuckBuilds::DropScheduledService: Cleaning scheduled, timed-out builds"}
{"severity":"INFO","time":"2022-10-07T09:00:28.914Z","correlation_id":"dad40677fa102f83e713c0af40399f17","message":"Ci::StuckBuilds::DropPendingService: Cleaning pending timed-out builds"}
{"severity":"INFO","time":"2022-10-07T09:20:30.839Z","correlation_id":"0210e8ac5276f0ebb5d3ec4691b3a3a8","message":"Ci::StuckBuilds::DropRunningService: Cleaning running, timed-out builds"}
{"severity":"INFO","time":"2022-10-07T09:21:24.060Z","correlation_id":"876be45452e541f53bacd777bdd48af8","message":"Syncing dynamic postgres partitions"}
{"severity":"DEBUG","time":"2022-10-07T09:21:24.063Z","correlation_id":"876be45452e541f53bacd777bdd48af8","message":"Switched database connection","connection_name":"main"}
{"severity":"INFO","time":"2022-10-07T09:21:24.078Z","correlation_id":"876be45452e541f53bacd777bdd48af8","message":"Checking state of dynamic postgres partitions","table_name":"audit_events","connection_name":"main"}
{"severity":"DEBUG","time":"2022-10-07T09:21:24.343Z","correlation_id":"876be45452e541f53bacd777bdd48af8","message":"Switched database connection","connection_name":"main"}
{"severity":"INFO","time":"2022-10-07T09:21:24.369Z","correlation_id":"876be45452e541f53bacd777bdd48af8","message":"Checking state of dynamic postgres partitions","table_name":"web_hook_logs","connection_name":"main"}
{"severity":"DEBUG","time":"2022-10-07T09:21:24.776Z","correlation_id":"876be45452e541f53bacd777bdd48af8","message":"Switched database connection","connection_name":"main"}
{"severity":"INFO","time":"2022-10-07T09:21:25.087Z","correlation_id":"876be45452e541f53bacd777bdd48af8","message":"Checking state of dynamic postgres partitions","table_name":"loose_foreign_keys_deleted_records","connection_name":"main"}
{"severity":"DEBUG","time":"2022-10-07T09:21:25.502Z","correlation_id":"876be45452e541f53bacd777bdd48af8","message":"Switched database connection","connection_name":"main"}
{"severity":"INFO","time":"2022-10-07T09:21:25.508Z","correlation_id":"876be45452e541f53bacd777bdd48af8","message":"Checking state of dynamic postgres partitions","table_name":"batched_background_migration_job_transition_logs","connection_name":"main"}
{"severity":"DEBUG","time":"2022-10-07T09:21:25.523Z","correlation_id":"876be45452e541f53bacd777bdd48af8","message":"Switched database connection","connection_name":"main"}
{"severity":"INFO","time":"2022-10-07T09:21:25.528Z","correlation_id":"876be45452e541f53bacd777bdd48af8","message":"Checking state of dynamic postgres partitions","table_name":"incident_management_pending_alert_escalations","connection_name":"main"}
{"severity":"DEBUG","time":"2022-10-07T09:21:25.542Z","correlation_id":"876be45452e541f53bacd777bdd48af8","message":"Switched database connection","connection_name":"main"}
{"severity":"INFO","time":"2022-10-07T09:21:25.547Z","correlation_id":"876be45452e541f53bacd777bdd48af8","message":"Checking state of dynamic postgres partitions","table_name":"incident_management_pending_issue_escalations","connection_name":"main"}
{"severity":"DEBUG","time":"2022-10-07T09:21:25.560Z","correlation_id":"876be45452e541f53bacd777bdd48af8","message":"Switched database connection","connection_name":"main"}
{"severity":"INFO","time":"2022-10-07T09:21:25.565Z","correlation_id":"876be45452e541f53bacd777bdd48af8","message":"Checking state of dynamic postgres partitions","table_name":"security_findings","connection_name":"main"}
{"severity":"DEBUG","time":"2022-10-07T09:21:25.584Z","correlation_id":"876be45452e541f53bacd777bdd48af8","message":"Switched database connection","connection_name":"main"}
{"severity":"INFO","time":"2022-10-07T09:21:25.589Z","correlation_id":"876be45452e541f53bacd777bdd48af8","message":"Checking state of dynamic postgres partitions","table_name":"verification_codes","connection_name":"main"}
{"severity":"DEBUG","time":"2022-10-07T09:21:25.602Z","correlation_id":"876be45452e541f53bacd777bdd48af8","message":"Switched database connection","connection_name":"main"}
{"severity":"DEBUG","time":"2022-10-07T09:21:25.603Z","correlation_id":"876be45452e541f53bacd777bdd48af8","message":"Switched database connection","connection_name":"main"}
{"severity":"DEBUG","time":"2022-10-07T09:21:25.603Z","correlation_id":"876be45452e541f53bacd777bdd48af8","message":"Switched database connection","connection_name":"main"}
{"severity":"DEBUG","time":"2022-10-07T09:21:25.603Z","correlation_id":"876be45452e541f53bacd777bdd48af8","message":"Switched database connection","connection_name":"main"}
{"severity":"DEBUG","time":"2022-10-07T09:21:25.604Z","correlation_id":"876be45452e541f53bacd777bdd48af8","message":"Switched database connection","connection_name":"main"}
{"severity":"DEBUG","time":"2022-10-07T09:21:25.604Z","correlation_id":"876be45452e541f53bacd777bdd48af8","message":"Switched database connection","connection_name":"main"}
{"severity":"INFO","time":"2022-10-07T09:21:25.604Z","correlation_id":"876be45452e541f53bacd777bdd48af8","message":"Finished sync of dynamic postgres partitions"}
{"severity":"DEBUG","time":"2022-10-07T09:21:25.604Z","correlation_id":"876be45452e541f53bacd777bdd48af8","message":"Switched database connection","connection_name":"main"}
{"severity":"DEBUG","time":"2022-10-07T09:21:25.612Z","correlation_id":"876be45452e541f53bacd777bdd48af8","message":"Switched database connection","connection_name":"main"}
{"severity":"DEBUG","time":"2022-10-07T09:21:25.620Z","correlation_id":"876be45452e541f53bacd777bdd48af8","message":"Switched database connection","connection_name":"main"}
{"severity":"DEBUG","time":"2022-10-07T09:21:25.625Z","correlation_id":"876be45452e541f53bacd777bdd48af8","message":"Switched database connection","connection_name":"main"}
{"severity":"DEBUG","time":"2022-10-07T09:21:25.634Z","correlation_id":"876be45452e541f53bacd777bdd48af8","message":"Switched database connection","connection_name":"main"}
{"severity":"DEBUG","time":"2022-10-07T09:21:25.642Z","correlation_id":"876be45452e541f53bacd777bdd48af8","message":"Switched database connection","connection_name":"main"}
{"severity":"DEBUG","time":"2022-10-07T09:21:25.649Z","correlation_id":"876be45452e541f53bacd777bdd48af8","message":"Switched database connection","connection_name":"main"}
{"severity":"DEBUG","time":"2022-10-07T09:26:37.286Z","correlation_id":"01GERW98DWNMD3K9WHH8E78XWB","message":"Instantiating Gitlab::Auth::Ldap::Person with LDIF:\ndn: cn=lin,ou=adminuser,dc=rinrin,dc=net\ncn: lin\ngivenname: lin\nmemberof: CN=SliverBakeryGroup,OU=Group,DC=rinrin,DC=net\nmemberof: CN=AdminGroup,OU=Group,DC=rinrin,DC=net\nsamaccountname: lin\nuserprincipalname: lin@rinrin.net\n"}
{"severity":"INFO","time":"2022-10-07T09:40:31.118Z","correlation_id":"cb8ed375ec3abe7c77eb799a12e3272f","message":"Ci::StuckBuilds::DropScheduledService: Cleaning scheduled, timed-out builds"}
{"severity":"INFO","time":"2022-10-07T10:00:04.775Z","correlation_id":"0aa055e3ba825248d170e36af9cae361","message":"Ci::StuckBuilds::DropPendingService: Cleaning pending timed-out builds"}
{"severity":"INFO","time":"2022-10-07T10:20:07.705Z","correlation_id":"51a226272b2e0c9d5831b5cf0e5d02e9","message":"Ci::StuckBuilds::DropRunningService: Cleaning running, timed-out builds"}
{"severity":"INFO","time":"2022-10-07T10:40:04.883Z","correlation_id":"ff289302c1de814a07e4f25d0bd9bf3a","message":"Ci::StuckBuilds::DropScheduledService: Cleaning scheduled, timed-out builds"}
{"severity":"INFO","time":"2022-10-07T11:00:42.026Z","correlation_id":"cd55ff17708b36c14d99c43709c4d170","message":"Ci::StuckBuilds::DropPendingService: Cleaning pending timed-out builds"}
{"severity":"INFO","time":"2022-10-07T11:20:46.320Z","correlation_id":"6728374eb0163c34b4f34f3e977adcf3","message":"Ci::StuckBuilds::DropRunningService: Cleaning running, timed-out builds"}
{"severity":"INFO","time":"2022-10-07T11:40:45.003Z","correlation_id":"a01b47c3b90374e446bb2123e193fa1f","message":"Ci::StuckBuilds::DropScheduledService: Cleaning scheduled, timed-out builds"}
{"severity":"INFO","time":"2022-10-07T12:00:14.156Z","correlation_id":"2d945519bed4ce21d4c8aafef790db2b","message":"Ci::StuckBuilds::DropPendingService: Cleaning pending timed-out builds"}
{"severity":"INFO","time":"2022-10-07T12:20:18.388Z","correlation_id":"e4299e24f85ecb708fe269a3ee1e61f1","message":"Ci::StuckBuilds::DropRunningService: Cleaning running, timed-out builds"}
{"severity":"INFO","time":"2022-10-07T12:40:16.407Z","correlation_id":"ce061a165d614b4e28469df750a7c7e7","message":"Ci::StuckBuilds::DropScheduledService: Cleaning scheduled, timed-out builds"}
{"severity":"INFO","time":"2022-10-07T13:00:22.135Z","correlation_id":"4cd0d6b6ff222d98d03f116af56bcd58","message":"Ci::StuckBuilds::DropPendingService: Cleaning pending timed-out builds"}
{"severity":"INFO","time":"2022-10-07T13:20:26.322Z","correlation_id":"105cb954ae761cfaa31348d650c6b489","message":"Ci::StuckBuilds::DropRunningService: Cleaning running, timed-out builds"}
{"severity":"INFO","time":"2022-10-07T13:40:29.083Z","correlation_id":"60ce700fbda809448977764156311d24","message":"Ci::StuckBuilds::DropScheduledService: Cleaning scheduled, timed-out builds"}
{"severity":"INFO","time":"2022-10-07T14:00:24.995Z","correlation_id":"21d9d189f4df98d89b79a75ca71ca032","message":"Ci::StuckBuilds::DropPendingService: Cleaning pending timed-out builds"}
{"severity":"INFO","time":"2022-10-07T14:20:27.570Z","correlation_id":"7e513df08b146158b5a2ebab4aac2ed9","message":"Ci::StuckBuilds::DropRunningService: Cleaning running, timed-out builds"}
{"severity":"INFO","time":"2022-10-07T14:40:28.827Z","correlation_id":"2a0337da2877cbaf6455e7ec68c0f8f3","message":"Ci::StuckBuilds::DropScheduledService: Cleaning scheduled, timed-out builds"}
{"severity":"INFO","time":"2022-10-07T15:00:12.174Z","correlation_id":"eebea41a8d9e375d98b8a831b8a5f1c2","message":"Ci::StuckBuilds::DropPendingService: Cleaning pending timed-out builds"}
